This is pdfTeX, Version 3.1415926-2.5-1.40.14 (TeX Live 2013/Debian) (format=pdflatex 2015.6.24)  12 JAN 2016 23:56
entering extended mode
 restricted \write18 enabled.
 %&-line parsing enabled.
**D2.tex
(./D2.tex
LaTeX2e <2011/06/27>
Babel <3.9h> and hyphenation patterns for 4 languages loaded.
(/usr/share/texlive/texmf-dist/tex/latex/base/article.cls
Document Class: article 2007/10/19 v1.4h Standard LaTeX document class
(/usr/share/texlive/texmf-dist/tex/latex/base/size10.clo
File: size10.clo 2007/10/19 v1.4h Standard LaTeX file (size option)
)
\c@part=\count79
\c@section=\count80
\c@subsection=\count81
\c@subsubsection=\count82
\c@paragraph=\count83
\c@subparagraph=\count84
\c@figure=\count85
\c@table=\count86
\abovecaptionskip=\skip41
\belowcaptionskip=\skip42
\bibindent=\dimen102
)
(/usr/share/texlive/texmf-dist/tex/latex/lipsum/lipsum.sty
Package: lipsum 2011/04/14 v1.2 150 paragraphs of Lorem Ipsum dummy text
\c@lips@count=\count87
)
(/usr/share/texlive/texmf-dist/tex/latex/geometry/geometry.sty
Package: geometry 2010/09/12 v5.6 Page Geometry

(/usr/share/texlive/texmf-dist/tex/latex/graphics/keyval.sty
Package: keyval 1999/03/16 v1.13 key=value parser (DPC)
\KV@toks@=\toks14
)
(/usr/share/texlive/texmf-dist/tex/generic/oberdiek/ifpdf.sty
Package: ifpdf 2011/01/30 v2.3 Provides the ifpdf switch (HO)
Package ifpdf Info: pdfTeX in PDF mode is detected.
)
(/usr/share/texlive/texmf-dist/tex/generic/oberdiek/ifvtex.sty
Package: ifvtex 2010/03/01 v1.5 Detect VTeX and its facilities (HO)
Package ifvtex Info: VTeX not detected.
)
(/usr/share/texlive/texmf-dist/tex/generic/ifxetex/ifxetex.sty
Package: ifxetex 2010/09/12 v0.6 Provides ifxetex conditional
)
\Gm@cnth=\count88
\Gm@cntv=\count89
\c@Gm@tempcnt=\count90
\Gm@bindingoffset=\dimen103
\Gm@wd@mp=\dimen104
\Gm@odd@mp=\dimen105
\Gm@even@mp=\dimen106
\Gm@layoutwidth=\dimen107
\Gm@layoutheight=\dimen108
\Gm@layouthoffset=\dimen109
\Gm@layoutvoffset=\dimen110
\Gm@dimlist=\toks15
)
(/usr/share/texlive/texmf-dist/tex/latex/graphics/graphicx.sty
Package: graphicx 1999/02/16 v1.0f Enhanced LaTeX Graphics (DPC,SPQR)

(/usr/share/texlive/texmf-dist/tex/latex/graphics/graphics.sty
Package: graphics 2009/02/05 v1.0o Standard LaTeX Graphics (DPC,SPQR)

(/usr/share/texlive/texmf-dist/tex/latex/graphics/trig.sty
Package: trig 1999/03/16 v1.09 sin cos tan (DPC)
)
(/usr/share/texlive/texmf-dist/tex/latex/latexconfig/graphics.cfg
File: graphics.cfg 2010/04/23 v1.9 graphics configuration of TeX Live
)
Package graphics Info: Driver file: pdftex.def on input line 91.

(/usr/share/texlive/texmf-dist/tex/latex/pdftex-def/pdftex.def
File: pdftex.def 2011/05/27 v0.06d Graphics/color for pdfTeX

(/usr/share/texlive/texmf-dist/tex/generic/oberdiek/infwarerr.sty
Package: infwarerr 2010/04/08 v1.3 Providing info/warning/error messages (HO)
)
(/usr/share/texlive/texmf-dist/tex/generic/oberdiek/ltxcmds.sty
Package: ltxcmds 2011/11/09 v1.22 LaTeX kernel commands for general use (HO)
)
\Gread@gobject=\count91
))
\Gin@req@height=\dimen111
\Gin@req@width=\dimen112
)
(/usr/share/texlive/texmf-dist/tex/latex/float/float.sty
Package: float 2001/11/08 v1.3d Float enhancements (AL)
\c@float@type=\count92
\float@exts=\toks16
\float@box=\box26
\@float@everytoks=\toks17
\@floatcapt=\box27
)
(/usr/share/texlive/texmf-dist/tex/latex/hyperref/hyperref.sty
Package: hyperref 2012/11/06 v6.83m Hypertext links for LaTeX

(/usr/share/texlive/texmf-dist/tex/generic/oberdiek/hobsub-hyperref.sty
Package: hobsub-hyperref 2012/05/28 v1.13 Bundle oberdiek, subset hyperref (HO)


(/usr/share/texlive/texmf-dist/tex/generic/oberdiek/hobsub-generic.sty
Package: hobsub-generic 2012/05/28 v1.13 Bundle oberdiek, subset generic (HO)
Package: hobsub 2012/05/28 v1.13 Construct package bundles (HO)
Package hobsub Info: Skipping package `infwarerr' (already loaded).
Package hobsub Info: Skipping package `ltxcmds' (already loaded).
Package: ifluatex 2010/03/01 v1.3 Provides the ifluatex switch (HO)
Package ifluatex Info: LuaTeX not detected.
Package hobsub Info: Skipping package `ifvtex' (already loaded).
Package: intcalc 2007/09/27 v1.1 Expandable calculations with integers (HO)
Package hobsub Info: Skipping package `ifpdf' (already loaded).
Package: etexcmds 2011/02/16 v1.5 Avoid name clashes with e-TeX commands (HO)
Package etexcmds Info: Could not find \expanded.
(etexcmds)             That can mean that you are not using pdfTeX 1.50 or
(etexcmds)             that some package has redefined \expanded.
(etexcmds)             In the latter case, load this package earlier.
Package: kvsetkeys 2012/04/25 v1.16 Key value parser (HO)
Package: kvdefinekeys 2011/04/07 v1.3 Define keys (HO)
Package: pdftexcmds 2011/11/29 v0.20 Utility functions of pdfTeX for LuaTeX (HO
)
Package pdftexcmds Info: LuaTeX not detected.
Package pdftexcmds Info: \pdf@primitive is available.
Package pdftexcmds Info: \pdf@ifprimitive is available.
Package pdftexcmds Info: \pdfdraftmode found.
Package: pdfescape 2011/11/25 v1.13 Implements pdfTeX's escape features (HO)
Package: bigintcalc 2012/04/08 v1.3 Expandable calculations on big integers (HO
)
Package: bitset 2011/01/30 v1.1 Handle bit-vector datatype (HO)
Package: uniquecounter 2011/01/30 v1.2 Provide unlimited unique counter (HO)
)
Package hobsub Info: Skipping package `hobsub' (already loaded).
Package: letltxmacro 2010/09/02 v1.4 Let assignment for LaTeX macros (HO)
Package: hopatch 2012/05/28 v1.2 Wrapper for package hooks (HO)
Package: xcolor-patch 2011/01/30 xcolor patch
Package: atveryend 2011/06/30 v1.8 Hooks at the very end of document (HO)
Package atveryend Info: \enddocument detected (standard20110627).
Package: atbegshi 2011/10/05 v1.16 At begin shipout hook (HO)
Package: refcount 2011/10/16 v3.4 Data extraction from label references (HO)
Package: hycolor 2011/01/30 v1.7 Color options for hyperref/bookmark (HO)
)
(/usr/share/texlive/texmf-dist/tex/latex/oberdiek/auxhook.sty
Package: auxhook 2011/03/04 v1.3 Hooks for auxiliary files (HO)
)
(/usr/share/texlive/texmf-dist/tex/latex/oberdiek/kvoptions.sty
Package: kvoptions 2011/06/30 v3.11 Key value format for package options (HO)
)
\@linkdim=\dimen113
\Hy@linkcounter=\count93
\Hy@pagecounter=\count94

(/usr/share/texlive/texmf-dist/tex/latex/hyperref/pd1enc.def
File: pd1enc.def 2012/11/06 v6.83m Hyperref: PDFDocEncoding definition (HO)
)
\Hy@SavedSpaceFactor=\count95

(/usr/share/texlive/texmf-dist/tex/latex/latexconfig/hyperref.cfg
File: hyperref.cfg 2002/06/06 v1.2 hyperref configuration of TeXLive
)
Package hyperref Info: Hyper figures OFF on input line 4443.
Package hyperref Info: Link nesting OFF on input line 4448.
Package hyperref Info: Hyper index ON on input line 4451.
Package hyperref Info: Plain pages OFF on input line 4458.
Package hyperref Info: Backreferencing OFF on input line 4463.
Package hyperref Info: Implicit mode ON; LaTeX internals redefined.
Package hyperref Info: Bookmarks ON on input line 4688.
\c@Hy@tempcnt=\count96

(/usr/share/texlive/texmf-dist/tex/latex/url/url.sty
\Urlmuskip=\muskip10
Package: url 2013/09/16  ver 3.4  Verb mode for urls, etc.
)
LaTeX Info: Redefining \url on input line 5041.
\XeTeXLinkMargin=\dimen114
\Fld@menulength=\count97
\Field@Width=\dimen115
\Fld@charsize=\dimen116
Package hyperref Info: Hyper figures OFF on input line 6295.
Package hyperref Info: Link nesting OFF on input line 6300.
Package hyperref Info: Hyper index ON on input line 6303.
Package hyperref Info: backreferencing OFF on input line 6310.
Package hyperref Info: Link coloring OFF on input line 6315.
Package hyperref Info: Link coloring with OCG OFF on input line 6320.
Package hyperref Info: PDF/A mode OFF on input line 6325.
LaTeX Info: Redefining \ref on input line 6365.
LaTeX Info: Redefining \pageref on input line 6369.
\Hy@abspage=\count98
\c@Item=\count99
\c@Hfootnote=\count100
)

Package hyperref Message: Driver (autodetected): hpdftex.

(/usr/share/texlive/texmf-dist/tex/latex/hyperref/hpdftex.def
File: hpdftex.def 2012/11/06 v6.83m Hyperref driver for pdfTeX
\Fld@listcount=\count101
\c@bookmark@seq@number=\count102

(/usr/share/texlive/texmf-dist/tex/latex/oberdiek/rerunfilecheck.sty
Package: rerunfilecheck 2011/04/15 v1.7 Rerun checks for auxiliary files (HO)
Package uniquecounter Info: New unique counter `rerunfilecheck' on input line 2
82.
)
\Hy@SectionHShift=\skip43
)
(/usr/share/texlive/texmf-dist/tex/latex/amsmath/amsmath.sty
Package: amsmath 2013/01/14 v2.14 AMS math features
\@mathmargin=\skip44

For additional information on amsmath, use the `?' option.
(/usr/share/texlive/texmf-dist/tex/latex/amsmath/amstext.sty
Package: amstext 2000/06/29 v2.01

(/usr/share/texlive/texmf-dist/tex/latex/amsmath/amsgen.sty
File: amsgen.sty 1999/11/30 v2.0
\@emptytoks=\toks18
\ex@=\dimen117
))
(/usr/share/texlive/texmf-dist/tex/latex/amsmath/amsbsy.sty
Package: amsbsy 1999/11/29 v1.2d
\pmbraise@=\dimen118
)
(/usr/share/texlive/texmf-dist/tex/latex/amsmath/amsopn.sty
Package: amsopn 1999/12/14 v2.01 operator names
)
\inf@bad=\count103
LaTeX Info: Redefining \frac on input line 210.
\uproot@=\count104
\leftroot@=\count105
LaTeX Info: Redefining \overline on input line 306.
\classnum@=\count106
\DOTSCASE@=\count107
LaTeX Info: Redefining \ldots on input line 378.
LaTeX Info: Redefining \dots on input line 381.
LaTeX Info: Redefining \cdots on input line 466.
\Mathstrutbox@=\box28
\strutbox@=\box29
\big@size=\dimen119
LaTeX Font Info:    Redeclaring font encoding OML on input line 566.
LaTeX Font Info:    Redeclaring font encoding OMS on input line 567.
\macc@depth=\count108
\c@MaxMatrixCols=\count109
\dotsspace@=\muskip11
\c@parentequation=\count110
\dspbrk@lvl=\count111
\tag@help=\toks19
\row@=\count112
\column@=\count113
\maxfields@=\count114
\andhelp@=\toks20
\eqnshift@=\dimen120
\alignsep@=\dimen121
\tagshift@=\dimen122
\tagwidth@=\dimen123
\totwidth@=\dimen124
\lineht@=\dimen125
\@envbody=\toks21
\multlinegap=\skip45
\multlinetaggap=\skip46
\mathdisplay@stack=\toks22
LaTeX Info: Redefining \[ on input line 2665.
LaTeX Info: Redefining \] on input line 2666.
)
(/usr/share/texlive/texmf-dist/tex/latex/amsfonts/amssymb.sty
Package: amssymb 2013/01/14 v3.01 AMS font symbols

(/usr/share/texlive/texmf-dist/tex/latex/amsfonts/amsfonts.sty
Package: amsfonts 2013/01/14 v3.01 Basic AMSFonts support
\symAMSa=\mathgroup4
\symAMSb=\mathgroup5
LaTeX Font Info:    Overwriting math alphabet `\mathfrak' in version `bold'
(Font)                  U/euf/m/n --> U/euf/b/n on input line 106.
))
(/usr/share/texlive/texmf-dist/tex/latex/fancyhdr/fancyhdr.sty
\fancy@headwidth=\skip47
\f@ncyO@elh=\skip48
\f@ncyO@erh=\skip49
\f@ncyO@olh=\skip50
\f@ncyO@orh=\skip51
\f@ncyO@elf=\skip52
\f@ncyO@erf=\skip53
\f@ncyO@olf=\skip54
\f@ncyO@orf=\skip55
) (./D2.aux

LaTeX Warning: Label `my-label' multiply defined.


LaTeX Warning: Label `my-label' multiply defined.


LaTeX Warning: Label `my-label' multiply defined.

)
\openout1 = `D2.aux'.

LaTeX Font Info:    Checking defaults for OML/cmm/m/it on input line 20.
LaTeX Font Info:    ... okay on input line 20.
LaTeX Font Info:    Checking defaults for T1/cmr/m/n on input line 20.
LaTeX Font Info:    ... okay on input line 20.
LaTeX Font Info:    Checking defaults for OT1/cmr/m/n on input line 20.
LaTeX Font Info:    ... okay on input line 20.
LaTeX Font Info:    Checking defaults for OMS/cmsy/m/n on input line 20.
LaTeX Font Info:    ... okay on input line 20.
LaTeX Font Info:    Checking defaults for OMX/cmex/m/n on input line 20.
LaTeX Font Info:    ... okay on input line 20.
LaTeX Font Info:    Checking defaults for U/cmr/m/n on input line 20.
LaTeX Font Info:    ... okay on input line 20.
LaTeX Font Info:    Checking defaults for PD1/pdf/m/n on input line 20.
LaTeX Font Info:    ... okay on input line 20.

*geometry* driver: auto-detecting
*geometry* detected driver: pdftex
*geometry* verbose mode - [ preamble ] result:
* driver: pdftex
* paper: <default>
* layout: <same size as paper>
* layoutoffset:(h,v)=(0.0pt,0.0pt)
* modes: includefoot 
* h-part:(L,W,R)=(72.26999pt, 469.75502pt, 72.26999pt)
* v-part:(T,H,B)=(72.26999pt, 650.43001pt, 72.26999pt)
* \paperwidth=614.295pt
* \paperheight=794.96999pt
* \textwidth=469.75502pt
* \textheight=620.43001pt
* \oddsidemargin=0.0pt
* \evensidemargin=0.0pt
* \topmargin=-37.0pt
* \headheight=12.0pt
* \headsep=25.0pt
* \topskip=10.0pt
* \footskip=30.0pt
* \marginparwidth=65.0pt
* \marginparsep=11.0pt
* \columnsep=10.0pt
* \skip\footins=9.0pt plus 4.0pt minus 2.0pt
* \hoffset=0.0pt
* \voffset=0.0pt
* \mag=1000
* \@twocolumnfalse
* \@twosidefalse
* \@mparswitchfalse
* \@reversemarginfalse
* (1in=72.27pt=25.4mm, 1cm=28.453pt)

(/usr/share/texlive/texmf-dist/tex/context/base/supp-pdf.mkii
[Loading MPS to PDF converter (version 2006.09.02).]
\scratchcounter=\count115
\scratchdimen=\dimen126
\scratchbox=\box30
\nofMPsegments=\count116
\nofMParguments=\count117
\everyMPshowfont=\toks23
\MPscratchCnt=\count118
\MPscratchDim=\dimen127
\MPnumerator=\count119
\makeMPintoPDFobject=\count120
\everyMPtoPDFconversion=\toks24
) (/usr/share/texlive/texmf-dist/tex/latex/oberdiek/epstopdf-base.sty
Package: epstopdf-base 2010/02/09 v2.5 Base part for package epstopdf

(/usr/share/texlive/texmf-dist/tex/latex/oberdiek/grfext.sty
Package: grfext 2010/08/19 v1.1 Manage graphics extensions (HO)
)
Package grfext Info: Graphics extension search list:
(grfext)             [.png,.pdf,.jpg,.mps,.jpeg,.jbig2,.jb2,.PNG,.PDF,.JPG,.JPE
G,.JBIG2,.JB2,.eps]
(grfext)             \AppendGraphicsExtensions on input line 452.

(/usr/share/texlive/texmf-dist/tex/latex/latexconfig/epstopdf-sys.cfg
File: epstopdf-sys.cfg 2010/07/13 v1.3 Configuration of (r)epstopdf for TeX Liv
e
))
\AtBeginShipoutBox=\box31
Package hyperref Info: Link coloring OFF on input line 20.

(/usr/share/texlive/texmf-dist/tex/latex/hyperref/nameref.sty
Package: nameref 2012/10/27 v2.43 Cross-referencing by name of section

(/usr/share/texlive/texmf-dist/tex/generic/oberdiek/gettitlestring.sty
Package: gettitlestring 2010/12/03 v1.4 Cleanup title references (HO)
)
\c@section@level=\count121
)
LaTeX Info: Redefining \ref on input line 20.
LaTeX Info: Redefining \pageref on input line 20.
LaTeX Info: Redefining \nameref on input line 20.

(./D2.out) (./D2.out)
\@outlinefile=\write3
\openout3 = `D2.out'.

LaTeX Font Info:    Try loading font information for U+msa on input line 24.
 (/usr/share/texlive/texmf-dist/tex/latex/amsfonts/umsa.fd
File: umsa.fd 2013/01/14 v3.01 AMS symbols A
)
LaTeX Font Info:    Try loading font information for U+msb on input line 24.
 (/usr/share/texlive/texmf-dist/tex/latex/amsfonts/umsb.fd
File: umsb.fd 2013/01/14 v3.01 AMS symbols B
)
<logo.png, id=60, 169.63374pt x 207.77625pt>
File: logo.png Graphic file (type png)
 <use logo.png>
Package pdftex.def Info: logo.png used on input line 26.
(pdftex.def)             Requested size: 103.25641pt x 126.47249pt.
File: logo.png Graphic file (type png)
 <use logo.png>
Package pdftex.def Info: logo.png used on input line 26.
(pdftex.def)             Requested size: 103.25641pt x 126.47249pt.

[1

{/var/lib/texmf/fonts/map/pdftex/updmap/pdftex.map} <./logo.png>] (./D2.toc)
\tf@toc=\write4
\openout4 = `D2.toc'.


(./D2.lot)
\tf@lot=\write5
\openout5 = `D2.lot'.

pdfTeX warning (ext4): destination with the same identifier (name{page.1}) has 
been already used, duplicate ignored
<to be read again> 
                   \relax 
l.61 \cleardoublepage
                      [1]
Underfull \hbox (badness 10000) in paragraph at lines 67--70

 []


Underfull \hbox (badness 10000) in paragraph at lines 73--74

 []

Missing character: There is no â in font cmr10!
Missing character: There is no € in font cmr10!
Missing character: There is no “ in font cmr10!
Missing character: There is no â in font cmr10!
Missing character: There is no € in font cmr10!
Missing character: There is no “ in font cmr10!

Underfull \hbox (badness 10000) in paragraph at lines 75--76

 []


Underfull \hbox (badness 10000) in paragraph at lines 77--78

 []


Underfull \hbox (badness 10000) in paragraph at lines 80--81

 []


Underfull \hbox (badness 10000) in paragraph at lines 83--84

 []


Underfull \hbox (badness 10000) in paragraph at lines 85--86

 []


Underfull \hbox (badness 10000) in paragraph at lines 87--90

 []

pdfTeX warning (ext4): destination with the same identifier (name{page.1}) has 
been already used, duplicate ignored
<to be read again> 
                   \relax 
l.98 
      [1

]
Missing character: There is no â in font cmr10!
Missing character: There is no € in font cmr10!
Missing character: There is no “ in font cmr10!
Missing character: There is no â in font cmr10!
Missing character: There is no € in font cmr10!
Missing character: There is no “ in font cmr10!

Underfull \hbox (badness 10000) in paragraph at lines 100--102

 []

<D2S0.png, id=100, 250.9375pt x 250.9375pt>
File: D2S0.png Graphic file (type png)
 <use D2S0.png>
Package pdftex.def Info: D2S0.png used on input line 104.
(pdftex.def)             Requested size: 126.47545pt x 126.47249pt.
File: D2S0.png Graphic file (type png)
 <use D2S0.png>
Package pdftex.def Info: D2S0.png used on input line 104.
(pdftex.def)             Requested size: 126.47545pt x 126.47249pt.

[2 <./D2S0.png>] <D2P1.PNG, id=107, 326.72063pt x 225.09094pt>
File: D2P1.PNG Graphic file (type png)
 <use D2P1.PNG>
Package pdftex.def Info: D2P1.PNG used on input line 132.
(pdftex.def)             Requested size: 183.57549pt x 126.47249pt.
File: D2P1.PNG Graphic file (type png)

<use D2P1.PNG>
Package pdftex.def Info: D2P1.PNG used on input line 132.
(pdftex.def)             Requested size: 183.57549pt x 126.47249pt.

Underfull \hbox (badness 10000) in paragraph at lines 132--133

 []

<D2P2.PNG, id=108, 706.89093pt x 397.485pt>
File: D2P2.PNG Graphic file (type png)
 <use D2P2.PNG>
Package pdftex.def Info: D2P2.PNG used on input line 139.
(pdftex.def)             Requested size: 224.91536pt x 126.47249pt.

<D2P3.PNG, id=109, 392.96812pt x 254.45062pt>
File: D2P3.PNG Graphic file (type png)
 <use D2P3.PNG>
Package pdftex.def Info: D2P3.PNG used on input line 139.
(pdftex.def)             Requested size: 195.3203pt x 126.47249pt.
File: D2P2.PNG Graphic file (type png)
 <use D2P2.PNG>
Package pdftex.def Info: D2P2.PNG used on input line 139.
(pdftex.def)             Requested size: 224.91536pt x 126.47249pt.
File: D2P3.PNG Graphic file (type png)

<use D2P3.PNG>
Package pdftex.def Info: D2P3.PNG used on input line 139.
(pdftex.def)             Requested size: 195.3203pt x 126.47249pt.
 <D2P4.PNG, id=110, 708.39656pt x 399.74344pt>
File: D2P4.PNG Graphic file (type png)
 <use D2P4.PNG>
Package pdftex.def Info: D2P4.PNG used on input line 145.
(pdftex.def)             Requested size: 224.11893pt x 126.47249pt.

<D2P5.PNG, id=111, 425.33907pt x 240.14719pt>
File: D2P5.PNG Graphic file (type png)
 <use D2P5.PNG>
Package pdftex.def Info: D2P5.PNG used on input line 145.
(pdftex.def)             Requested size: 224.00728pt x 126.47249pt.
File: D2P4.PNG Graphic file (type png)
 <use D2P4.PNG>
Package pdftex.def Info: D2P4.PNG used on input line 145.
(pdftex.def)             Requested size: 224.11893pt x 126.47249pt.
File: D2P5.PNG Graphic file (type png)

<use D2P5.PNG>
Package pdftex.def Info: D2P5.PNG used on input line 145.
(pdftex.def)             Requested size: 224.00728pt x 126.47249pt.

Underfull \hbox (badness 10000) in paragraph at lines 145--146

 []

[3 <./D2P1.PNG> <./D2P2.PNG> <./D2P3.PNG> <./D2P4.PNG> <./D2P5.PNG>]
<D2P6.PNG, id=126, 828.09375pt x 440.39531pt>
File: D2P6.PNG Graphic file (type png)
 <use D2P6.PNG>
Package pdftex.def Info: D2P6.PNG used on input line 159.
(pdftex.def)             Requested size: 237.80344pt x 126.47249pt.

<D2P7.PNG, id=127, 532.23843pt x 342.5297pt>
File: D2P7.PNG Graphic file (type png)
 <use D2P7.PNG>
Package pdftex.def Info: D2P7.PNG used on input line 159.
(pdftex.def)             Requested size: 196.51906pt x 126.47249pt.
File: D2P6.PNG Graphic file (type png)
 <use D2P6.PNG>
Package pdftex.def Info: D2P6.PNG used on input line 159.
(pdftex.def)             Requested size: 237.80344pt x 126.47249pt.
File: D2P7.PNG Graphic file (type png)

<use D2P7.PNG>
Package pdftex.def Info: D2P7.PNG used on input line 159.
(pdftex.def)             Requested size: 196.51906pt x 126.47249pt.

Underfull \hbox (badness 10000) in paragraph at lines 159--161

 []

<D2P8.PNG, id=128, 493.845pt x 352.31625pt>
File: D2P8.PNG Graphic file (type png)
 <use D2P8.PNG>
Package pdftex.def Info: D2P8.PNG used on input line 169.
(pdftex.def)             Requested size: 177.27164pt x 126.47249pt.

<D2P9.PNG, id=129, 830.35219pt x 441.14813pt>
File: D2P9.PNG Graphic file (type png)
 <use D2P9.PNG>
Package pdftex.def Info: D2P9.PNG used on input line 169.
(pdftex.def)             Requested size: 238.04654pt x 126.47249pt.
File: D2P8.PNG Graphic file (type png)
 <use D2P8.PNG>
Package pdftex.def Info: D2P8.PNG used on input line 169.
(pdftex.def)             Requested size: 177.27164pt x 126.47249pt.
File: D2P9.PNG Graphic file (type png)

<use D2P9.PNG>
Package pdftex.def Info: D2P9.PNG used on input line 169.
(pdftex.def)             Requested size: 238.04654pt x 126.47249pt.

Underfull \hbox (badness 10000) in paragraph at lines 169--170

 []

<D2P10.PNG, id=130, 829.59938pt x 444.15938pt>
File: D2P10.PNG Graphic file (type png)
 <use D2P10.PNG>
Package pdftex.def Info: D2P10.PNG used on input line 187.
(pdftex.def)             Requested size: 236.22308pt x 126.47249pt.
File: D2P10.PNG Graphic file (type png)
 <use D2P10.PNG>
Package pdftex.def Info: D2P10.PNG used on input line 187.
(pdftex.def)             Requested size: 236.22308pt x 126.47249pt.

[4 <./D2P6.PNG> <./D2P7.PNG> <./D2P8.PNG> <./D2P9.PNG>]
Underfull \hbox (badness 10000) in paragraph at lines 187--188

 []

<D2P12.PNG, id=140, 601.4972pt x 427.5975pt>
File: D2P12.PNG Graphic file (type png)
 <use D2P12.PNG>
Package pdftex.def Info: D2P12.PNG used on input line 196.
(pdftex.def)             Requested size: 177.90822pt x 126.47249pt.

<D2P13.PNG, id=141, 831.105pt x 441.14813pt>
File: D2P13.PNG Graphic file (type png)
 <use D2P13.PNG>
Package pdftex.def Info: D2P13.PNG used on input line 196.
(pdftex.def)             Requested size: 238.26236pt x 126.47249pt.
File: D2P12.PNG Graphic file (type png)
 <use D2P12.PNG>
Package pdftex.def Info: D2P12.PNG used on input line 196.
(pdftex.def)             Requested size: 177.90822pt x 126.47249pt.
File: D2P13.PNG Graphic file (type png)

<use D2P13.PNG>
Package pdftex.def Info: D2P13.PNG used on input line 196.
(pdftex.def)             Requested size: 238.26236pt x 126.47249pt.

Underfull \hbox (badness 10000) in paragraph at lines 196--197

 []

[5 <./D2P10.PNG> <./D2P12.PNG> <./D2P13.PNG>]
<D2P14.PNG, id=150, 536.75531pt x 393.72093pt>
File: D2P14.PNG Graphic file (type png)
 <use D2P14.PNG>
Package pdftex.def Info: D2P14.PNG used on input line 231.
(pdftex.def)             Requested size: 172.41223pt x 126.47249pt.

<D2P15.PNG, id=151, 988.44281pt x 615.0478pt>
File: D2P15.PNG Graphic file (type png)
 <use D2P15.PNG>
Package pdftex.def Info: D2P15.PNG used on input line 231.
(pdftex.def)             Requested size: 203.25046pt x 126.47249pt.
File: D2P14.PNG Graphic file (type png)
 <use D2P14.PNG>
Package pdftex.def Info: D2P14.PNG used on input line 231.
(pdftex.def)             Requested size: 172.41223pt x 126.47249pt.
File: D2P15.PNG Graphic file (type png)

<use D2P15.PNG>
Package pdftex.def Info: D2P15.PNG used on input line 231.
(pdftex.def)             Requested size: 203.25046pt x 126.47249pt.

Underfull \hbox (badness 10000) in paragraph at lines 231--232

 []

[6 <./D2P14.PNG> <./D2P15.PNG>] [7]
Package atveryend Info: Empty hook `BeforeClearDocument' on input line 304.
 [8]
Package atveryend Info: Empty hook `AfterLastShipout' on input line 304.
 (./D2.aux)
Package atveryend Info: Executing hook `AtVeryEndDocument' on input line 304.
Package atveryend Info: Executing hook `AtEndAfterFileList' on input line 304.
Package rerunfilecheck Info: File `D2.out' has not changed.
(rerunfilecheck)             Checksum: C5D11FF0DEEFC2A3730B1B3184F9AEE9;929.


LaTeX Warning: There were multiply-defined labels.

Package atveryend Info: Empty hook `AtVeryVeryEnd' on input line 304.
 ) 
Here is how much of TeX's memory you used:
 6861 strings out of 494985
 97167 string characters out of 6180356
 276300 words of memory out of 5000000
 9954 multiletter control sequences out of 15000+600000
 9314 words of font info for 35 fonts, out of 8000000 for 9000
 36 hyphenation exceptions out of 8191
 29i,11n,43p,528b,361s stack positions out of 5000i,500n,10000p,200000b,80000s
</usr/share/texlive/texmf-dist/fonts/type1/public/amsfonts/cm/cmbx10.pfb></us
r/share/texlive/texmf-dist/fonts/type1/public/amsfonts/cm/cmbx12.pfb></usr/shar
e/texlive/texmf-dist/fonts/type1/public/amsfonts/cm/cmcsc10.pfb></usr/share/tex
live/texmf-dist/fonts/type1/public/amsfonts/cm/cmex10.pfb></usr/share/texlive/t
exmf-dist/fonts/type1/public/amsfonts/cm/cmmi10.pfb></usr/share/texlive/texmf-d
ist/fonts/type1/public/amsfonts/cm/cmmi7.pfb></usr/share/texlive/texmf-dist/fon
ts/type1/public/amsfonts/cm/cmr10.pfb></usr/share/texlive/texmf-dist/fonts/type
1/public/amsfonts/cm/cmr7.pfb></usr/share/texlive/texmf-dist/fonts/type1/public
/amsfonts/cm/cmsy10.pfb></usr/share/texlive/texmf-dist/fonts/type1/public/amsfo
nts/cm/cmsy7.pfb></usr/share/texlive/texmf-dist/fonts/type1/public/amsfonts/cm/
cmti10.pfb>
Output written on D2.pdf (10 pages, 310119 bytes).
PDF statistics:
 219 PDF objects out of 1000 (max. 8388607)
 162 compressed objects within 2 object streams
 34 named destinations out of 1000 (max. 500000)
 193 words of extra memory for PDF output out of 10000 (max. 10000000)

