Command line:
   register_file_isim_beh.exe
     -simmode  gui
     -simrunnum  0
     -socket  49317

Tue Feb 16 09:56:17 2016


 Elaboration Time: 0.0468 sec

 Current Memory Usage: 663.466 Meg

 Total Signals          : 94
 Total Nets             : 320
 Total Signal Drivers   : 26
 Total Blocks           : 15
 Total Primitive Blocks : 14
 Total Processes        : 26
 Total Traceable Variables  : 10
 Total Scalar Nets and Variables : 698
Total Line Count : 42

 Total Simulation Time: 0.358802 sec

 Current Memory Usage: 663.466 Meg

Tue Feb 16 09:59:17 2016

