This is pdfTeX, Version 3.1415926-2.5-1.40.14 (TeX Live 2013/Debian) (format=pdflatex 2015.6.24)  10 NOV 2015 23:30
entering extended mode
 restricted \write18 enabled.
 %&-line parsing enabled.
**Document_Template.tex
(./Document_Template.tex
LaTeX2e <2011/06/27>
Babel <3.9h> and hyphenation patterns for 4 languages loaded.
(/usr/share/texlive/texmf-dist/tex/latex/base/article.cls
Document Class: article 2007/10/19 v1.4h Standard LaTeX document class
(/usr/share/texlive/texmf-dist/tex/latex/base/size10.clo
File: size10.clo 2007/10/19 v1.4h Standard LaTeX file (size option)
)
\c@part=\count79
\c@section=\count80
\c@subsection=\count81
\c@subsubsection=\count82
\c@paragraph=\count83
\c@subparagraph=\count84
\c@figure=\count85
\c@table=\count86
\abovecaptionskip=\skip41
\belowcaptionskip=\skip42
\bibindent=\dimen102
)
(/usr/share/texlive/texmf-dist/tex/latex/lipsum/lipsum.sty
Package: lipsum 2011/04/14 v1.2 150 paragraphs of Lorem Ipsum dummy text
\c@lips@count=\count87
)
(/usr/share/texlive/texmf-dist/tex/latex/geometry/geometry.sty
Package: geometry 2010/09/12 v5.6 Page Geometry

(/usr/share/texlive/texmf-dist/tex/latex/graphics/keyval.sty
Package: keyval 1999/03/16 v1.13 key=value parser (DPC)
\KV@toks@=\toks14
)
(/usr/share/texlive/texmf-dist/tex/generic/oberdiek/ifpdf.sty
Package: ifpdf 2011/01/30 v2.3 Provides the ifpdf switch (HO)
Package ifpdf Info: pdfTeX in PDF mode is detected.
)
(/usr/share/texlive/texmf-dist/tex/generic/oberdiek/ifvtex.sty
Package: ifvtex 2010/03/01 v1.5 Detect VTeX and its facilities (HO)
Package ifvtex Info: VTeX not detected.
)
(/usr/share/texlive/texmf-dist/tex/generic/ifxetex/ifxetex.sty
Package: ifxetex 2010/09/12 v0.6 Provides ifxetex conditional
)
\Gm@cnth=\count88
\Gm@cntv=\count89
\c@Gm@tempcnt=\count90
\Gm@bindingoffset=\dimen103
\Gm@wd@mp=\dimen104
\Gm@odd@mp=\dimen105
\Gm@even@mp=\dimen106
\Gm@layoutwidth=\dimen107
\Gm@layoutheight=\dimen108
\Gm@layouthoffset=\dimen109
\Gm@layoutvoffset=\dimen110
\Gm@dimlist=\toks15
)
(/usr/share/texlive/texmf-dist/tex/latex/graphics/graphicx.sty
Package: graphicx 1999/02/16 v1.0f Enhanced LaTeX Graphics (DPC,SPQR)

(/usr/share/texlive/texmf-dist/tex/latex/graphics/graphics.sty
Package: graphics 2009/02/05 v1.0o Standard LaTeX Graphics (DPC,SPQR)

(/usr/share/texlive/texmf-dist/tex/latex/graphics/trig.sty
Package: trig 1999/03/16 v1.09 sin cos tan (DPC)
)
(/usr/share/texlive/texmf-dist/tex/latex/latexconfig/graphics.cfg
File: graphics.cfg 2010/04/23 v1.9 graphics configuration of TeX Live
)
Package graphics Info: Driver file: pdftex.def on input line 91.

(/usr/share/texlive/texmf-dist/tex/latex/pdftex-def/pdftex.def
File: pdftex.def 2011/05/27 v0.06d Graphics/color for pdfTeX

(/usr/share/texlive/texmf-dist/tex/generic/oberdiek/infwarerr.sty
Package: infwarerr 2010/04/08 v1.3 Providing info/warning/error messages (HO)
)
(/usr/share/texlive/texmf-dist/tex/generic/oberdiek/ltxcmds.sty
Package: ltxcmds 2011/11/09 v1.22 LaTeX kernel commands for general use (HO)
)
\Gread@gobject=\count91
))
\Gin@req@height=\dimen111
\Gin@req@width=\dimen112
)
(/usr/share/texlive/texmf-dist/tex/latex/float/float.sty
Package: float 2001/11/08 v1.3d Float enhancements (AL)
\c@float@type=\count92
\float@exts=\toks16
\float@box=\box26
\@float@everytoks=\toks17
\@floatcapt=\box27
)
(/usr/share/texlive/texmf-dist/tex/latex/hyperref/hyperref.sty
Package: hyperref 2012/11/06 v6.83m Hypertext links for LaTeX

(/usr/share/texlive/texmf-dist/tex/generic/oberdiek/hobsub-hyperref.sty
Package: hobsub-hyperref 2012/05/28 v1.13 Bundle oberdiek, subset hyperref (HO)


(/usr/share/texlive/texmf-dist/tex/generic/oberdiek/hobsub-generic.sty
Package: hobsub-generic 2012/05/28 v1.13 Bundle oberdiek, subset generic (HO)
Package: hobsub 2012/05/28 v1.13 Construct package bundles (HO)
Package hobsub Info: Skipping package `infwarerr' (already loaded).
Package hobsub Info: Skipping package `ltxcmds' (already loaded).
Package: ifluatex 2010/03/01 v1.3 Provides the ifluatex switch (HO)
Package ifluatex Info: LuaTeX not detected.
Package hobsub Info: Skipping package `ifvtex' (already loaded).
Package: intcalc 2007/09/27 v1.1 Expandable calculations with integers (HO)
Package hobsub Info: Skipping package `ifpdf' (already loaded).
Package: etexcmds 2011/02/16 v1.5 Avoid name clashes with e-TeX commands (HO)
Package etexcmds Info: Could not find \expanded.
(etexcmds)             That can mean that you are not using pdfTeX 1.50 or
(etexcmds)             that some package has redefined \expanded.
(etexcmds)             In the latter case, load this package earlier.
Package: kvsetkeys 2012/04/25 v1.16 Key value parser (HO)
Package: kvdefinekeys 2011/04/07 v1.3 Define keys (HO)
Package: pdftexcmds 2011/11/29 v0.20 Utility functions of pdfTeX for LuaTeX (HO
)
Package pdftexcmds Info: LuaTeX not detected.
Package pdftexcmds Info: \pdf@primitive is available.
Package pdftexcmds Info: \pdf@ifprimitive is available.
Package pdftexcmds Info: \pdfdraftmode found.
Package: pdfescape 2011/11/25 v1.13 Implements pdfTeX's escape features (HO)
Package: bigintcalc 2012/04/08 v1.3 Expandable calculations on big integers (HO
)
Package: bitset 2011/01/30 v1.1 Handle bit-vector datatype (HO)
Package: uniquecounter 2011/01/30 v1.2 Provide unlimited unique counter (HO)
)
Package hobsub Info: Skipping package `hobsub' (already loaded).
Package: letltxmacro 2010/09/02 v1.4 Let assignment for LaTeX macros (HO)
Package: hopatch 2012/05/28 v1.2 Wrapper for package hooks (HO)
Package: xcolor-patch 2011/01/30 xcolor patch
Package: atveryend 2011/06/30 v1.8 Hooks at the very end of document (HO)
Package atveryend Info: \enddocument detected (standard20110627).
Package: atbegshi 2011/10/05 v1.16 At begin shipout hook (HO)
Package: refcount 2011/10/16 v3.4 Data extraction from label references (HO)
Package: hycolor 2011/01/30 v1.7 Color options for hyperref/bookmark (HO)
)
(/usr/share/texlive/texmf-dist/tex/latex/oberdiek/auxhook.sty
Package: auxhook 2011/03/04 v1.3 Hooks for auxiliary files (HO)
)
(/usr/share/texlive/texmf-dist/tex/latex/oberdiek/kvoptions.sty
Package: kvoptions 2011/06/30 v3.11 Key value format for package options (HO)
)
\@linkdim=\dimen113
\Hy@linkcounter=\count93
\Hy@pagecounter=\count94

(/usr/share/texlive/texmf-dist/tex/latex/hyperref/pd1enc.def
File: pd1enc.def 2012/11/06 v6.83m Hyperref: PDFDocEncoding definition (HO)
)
\Hy@SavedSpaceFactor=\count95

(/usr/share/texlive/texmf-dist/tex/latex/latexconfig/hyperref.cfg
File: hyperref.cfg 2002/06/06 v1.2 hyperref configuration of TeXLive
)
Package hyperref Info: Hyper figures OFF on input line 4443.
Package hyperref Info: Link nesting OFF on input line 4448.
Package hyperref Info: Hyper index ON on input line 4451.
Package hyperref Info: Plain pages OFF on input line 4458.
Package hyperref Info: Backreferencing OFF on input line 4463.
Package hyperref Info: Implicit mode ON; LaTeX internals redefined.
Package hyperref Info: Bookmarks ON on input line 4688.
\c@Hy@tempcnt=\count96

(/usr/share/texlive/texmf-dist/tex/latex/url/url.sty
\Urlmuskip=\muskip10
Package: url 2013/09/16  ver 3.4  Verb mode for urls, etc.
)
LaTeX Info: Redefining \url on input line 5041.
\XeTeXLinkMargin=\dimen114
\Fld@menulength=\count97
\Field@Width=\dimen115
\Fld@charsize=\dimen116
Package hyperref Info: Hyper figures OFF on input line 6295.
Package hyperref Info: Link nesting OFF on input line 6300.
Package hyperref Info: Hyper index ON on input line 6303.
Package hyperref Info: backreferencing OFF on input line 6310.
Package hyperref Info: Link coloring OFF on input line 6315.
Package hyperref Info: Link coloring with OCG OFF on input line 6320.
Package hyperref Info: PDF/A mode OFF on input line 6325.
LaTeX Info: Redefining \ref on input line 6365.
LaTeX Info: Redefining \pageref on input line 6369.
\Hy@abspage=\count98
\c@Item=\count99
\c@Hfootnote=\count100
)

Package hyperref Message: Driver (autodetected): hpdftex.

(/usr/share/texlive/texmf-dist/tex/latex/hyperref/hpdftex.def
File: hpdftex.def 2012/11/06 v6.83m Hyperref driver for pdfTeX
\Fld@listcount=\count101
\c@bookmark@seq@number=\count102

(/usr/share/texlive/texmf-dist/tex/latex/oberdiek/rerunfilecheck.sty
Package: rerunfilecheck 2011/04/15 v1.7 Rerun checks for auxiliary files (HO)
Package uniquecounter Info: New unique counter `rerunfilecheck' on input line 2
82.
)
\Hy@SectionHShift=\skip43
)
(/usr/share/texlive/texmf-dist/tex/latex/fancyhdr/fancyhdr.sty
\fancy@headwidth=\skip44
\f@ncyO@elh=\skip45
\f@ncyO@erh=\skip46
\f@ncyO@olh=\skip47
\f@ncyO@orh=\skip48
\f@ncyO@elf=\skip49
\f@ncyO@erf=\skip50
\f@ncyO@olf=\skip51
\f@ncyO@orf=\skip52
)
(./Document_Template.aux

LaTeX Warning: Label `fig:pic' multiply defined.


LaTeX Warning: Label `fig:pic' multiply defined.


LaTeX Warning: Label `fig:pic' multiply defined.


LaTeX Warning: Label `fig:pic' multiply defined.


LaTeX Warning: Label `fig:pic' multiply defined.


LaTeX Warning: Label `fig:pic' multiply defined.


LaTeX Warning: Label `fig:pic' multiply defined.


LaTeX Warning: Label `fig:pic' multiply defined.


LaTeX Warning: Label `fig:pic' multiply defined.


LaTeX Warning: Label `fig:pic' multiply defined.

)
\openout1 = `Document_Template.aux'.

LaTeX Font Info:    Checking defaults for OML/cmm/m/it on input line 18.
LaTeX Font Info:    ... okay on input line 18.
LaTeX Font Info:    Checking defaults for T1/cmr/m/n on input line 18.
LaTeX Font Info:    ... okay on input line 18.
LaTeX Font Info:    Checking defaults for OT1/cmr/m/n on input line 18.
LaTeX Font Info:    ... okay on input line 18.
LaTeX Font Info:    Checking defaults for OMS/cmsy/m/n on input line 18.
LaTeX Font Info:    ... okay on input line 18.
LaTeX Font Info:    Checking defaults for OMX/cmex/m/n on input line 18.
LaTeX Font Info:    ... okay on input line 18.
LaTeX Font Info:    Checking defaults for U/cmr/m/n on input line 18.
LaTeX Font Info:    ... okay on input line 18.
LaTeX Font Info:    Checking defaults for PD1/pdf/m/n on input line 18.
LaTeX Font Info:    ... okay on input line 18.

*geometry* driver: auto-detecting
*geometry* detected driver: pdftex
*geometry* verbose mode - [ preamble ] result:
* driver: pdftex
* paper: <default>
* layout: <same size as paper>
* layoutoffset:(h,v)=(0.0pt,0.0pt)
* modes: includefoot 
* h-part:(L,W,R)=(72.26999pt, 469.75502pt, 72.26999pt)
* v-part:(T,H,B)=(72.26999pt, 650.43001pt, 72.26999pt)
* \paperwidth=614.295pt
* \paperheight=794.96999pt
* \textwidth=469.75502pt
* \textheight=620.43001pt
* \oddsidemargin=0.0pt
* \evensidemargin=0.0pt
* \topmargin=-37.0pt
* \headheight=12.0pt
* \headsep=25.0pt
* \topskip=10.0pt
* \footskip=30.0pt
* \marginparwidth=65.0pt
* \marginparsep=11.0pt
* \columnsep=10.0pt
* \skip\footins=9.0pt plus 4.0pt minus 2.0pt
* \hoffset=0.0pt
* \voffset=0.0pt
* \mag=1000
* \@twocolumnfalse
* \@twosidefalse
* \@mparswitchfalse
* \@reversemarginfalse
* (1in=72.27pt=25.4mm, 1cm=28.453pt)

(/usr/share/texlive/texmf-dist/tex/context/base/supp-pdf.mkii
[Loading MPS to PDF converter (version 2006.09.02).]
\scratchcounter=\count103
\scratchdimen=\dimen117
\scratchbox=\box28
\nofMPsegments=\count104
\nofMParguments=\count105
\everyMPshowfont=\toks18
\MPscratchCnt=\count106
\MPscratchDim=\dimen118
\MPnumerator=\count107
\makeMPintoPDFobject=\count108
\everyMPtoPDFconversion=\toks19
) (/usr/share/texlive/texmf-dist/tex/latex/oberdiek/epstopdf-base.sty
Package: epstopdf-base 2010/02/09 v2.5 Base part for package epstopdf

(/usr/share/texlive/texmf-dist/tex/latex/oberdiek/grfext.sty
Package: grfext 2010/08/19 v1.1 Manage graphics extensions (HO)
)
Package grfext Info: Graphics extension search list:
(grfext)             [.png,.pdf,.jpg,.mps,.jpeg,.jbig2,.jb2,.PNG,.PDF,.JPG,.JPE
G,.JBIG2,.JB2,.eps]
(grfext)             \AppendGraphicsExtensions on input line 452.

(/usr/share/texlive/texmf-dist/tex/latex/latexconfig/epstopdf-sys.cfg
File: epstopdf-sys.cfg 2010/07/13 v1.3 Configuration of (r)epstopdf for TeX Liv
e
))
\AtBeginShipoutBox=\box29
Package hyperref Info: Link coloring OFF on input line 18.

(/usr/share/texlive/texmf-dist/tex/latex/hyperref/nameref.sty
Package: nameref 2012/10/27 v2.43 Cross-referencing by name of section

(/usr/share/texlive/texmf-dist/tex/generic/oberdiek/gettitlestring.sty
Package: gettitlestring 2010/12/03 v1.4 Cleanup title references (HO)
)
\c@section@level=\count109
)
LaTeX Info: Redefining \ref on input line 18.
LaTeX Info: Redefining \pageref on input line 18.
LaTeX Info: Redefining \nameref on input line 18.

(./Document_Template.out) (./Document_Template.out)
\@outlinefile=\write3
\openout3 = `Document_Template.out'.

 [1

{/var/lib/texmf/fonts/map/pdftex/updmap/pdftex.map}] (./Document_Template.toc
LaTeX Font Info:    External font `cmex10' loaded for size
(Font)              <7> on input line 5.
LaTeX Font Info:    External font `cmex10' loaded for size
(Font)              <5> on input line 5.
)
\tf@toc=\write4
\openout4 = `Document_Template.toc'.

 (./Document_Template.lof)
\tf@lof=\write5
\openout5 = `Document_Template.lof'.

(./Document_Template.lot)
\tf@lot=\write6
\openout6 = `Document_Template.lot'.

pdfTeX warning (ext4): destination with the same identifier (name{page.1}) has 
been already used, duplicate ignored
<to be read again> 
                   \relax 
l.51 \cleardoublepage
                      [1]
Underfull \hbox (badness 10000) in paragraph at lines 67--74

 []


Underfull \hbox (badness 10000) in paragraph at lines 78--79

 []

pdfTeX warning (ext4): destination with the same identifier (name{page.1}) has 
been already used, duplicate ignored
<to be read again> 
                   \relax 
l.92 
      [1

]

LaTeX Warning: File `/home/owner/Desktop/LAB REPORTS/D1/Pic1.PNG' not found on 
input line 102.


</home/owner/Desktop/LAB REPORTS/D1/Pic1.PNG, id=142, 1254.18562pt x 522.45187p
t>
File: /home/owner/Desktop/LAB REPORTS/D1/Pic1.PNG Graphic file (type png)
 <use /home/owner/Desktop/LAB REPORTS/D1/Pic1.PNG>
Package pdftex.def Info: /home/owner/Desktop/LAB REPORTS/D1/Pic1.PNG used on in
put line 102.
(pdftex.def)             Requested size: 520.47734pt x 216.81pt.

Overfull \hbox (50.72232pt too wide) in paragraph at lines 102--103
 [] 
 []


LaTeX Warning: File `/home/owner/Desktop/LAB REPORTS/D1/Pic2.PNG' not found on 
input line 136.


</home/owner/Desktop/LAB REPORTS/D1/Pic2.PNG, id=146, 873.2625pt x 525.46312pt>
File: /home/owner/Desktop/LAB REPORTS/D1/Pic2.PNG Graphic file (type png)
<use /home/owner/Desktop/LAB REPORTS/D1/Pic2.PNG>
Package pdftex.def Info: /home/owner/Desktop/LAB REPORTS/D1/Pic2.PNG used on in
put line 136.
(pdftex.def)             Requested size: 360.3185pt x 216.81pt.
 [2 </home/owner/Desktop/LAB REPORTS/D1/Pic1.PNG>]

LaTeX Warning: File `/home/owner/Desktop/LAB REPORTS/D1/pic3.PNG' not found on 
input line 155.


</home/owner/Desktop/LAB REPORTS/D1/pic3.PNG, id=152, 872.50969pt x 523.20468pt
>
File: /home/owner/Desktop/LAB REPORTS/D1/pic3.PNG Graphic file (type png)
 <use /home/owner/Desktop/LAB REPORTS/D1/pic3.PNG>
Package pdftex.def Info: /home/owner/Desktop/LAB REPORTS/D1/pic3.PNG used on in
put line 155.
(pdftex.def)             Requested size: 361.55225pt x 216.81pt.
 [3 </home/owner/Desktop/LAB REPORTS/D1/Pic2.PNG> </home/owner/Desktop/LAB REPO
RTS/D1/pic3.PNG>]

LaTeX Warning: File `/home/owner/Desktop/LAB REPORTS/D1/Pic4.PNG' not found on 
input line 169.


</home/owner/Desktop/LAB REPORTS/D1/Pic4.PNG, id=160, 791.95876pt x 366.61969pt
>
File: /home/owner/Desktop/LAB REPORTS/D1/Pic4.PNG Graphic file (type png)
 <use /home/owner/Desktop/LAB REPORTS/D1/Pic4.PNG>
Package pdftex.def Info: /home/owner/Desktop/LAB REPORTS/D1/Pic4.PNG used on in
put line 169.
(pdftex.def)             Requested size: 468.35129pt x 216.81pt.


LaTeX Warning: File `/home/owner/Desktop/LAB REPORTS/D1/Pic5.PNG' not found on 
input line 188.


</home/owner/Desktop/LAB REPORTS/D1/Pic5.PNG, id=161, 1431.84938pt x 682.04813p
t>
File: /home/owner/Desktop/LAB REPORTS/D1/Pic5.PNG Graphic file (type png)
 <use /home/owner/Desktop/LAB REPORTS/D1/Pic5.PNG>
Package pdftex.def Info: /home/owner/Desktop/LAB REPORTS/D1/Pic5.PNG used on in
put line 188.
(pdftex.def)             Requested size: 455.16426pt x 216.81pt.
 [4 </home/owner/Desktop/LAB REPORTS/D1/Pic4.PNG>]

LaTeX Warning: File `/home/owner/Desktop/LAB REPORTS/D1/Pic6.PNG' not found on 
input line 195.


</home/owner/Desktop/LAB REPORTS/D1/Pic6.PNG, id=167, 607.51968pt x 330.48468pt
>
File: /home/owner/Desktop/LAB REPORTS/D1/Pic6.PNG Graphic file (type png)
 <use /home/owner/Desktop/LAB REPORTS/D1/Pic6.PNG>
Package pdftex.def Info: /home/owner/Desktop/LAB REPORTS/D1/Pic6.PNG used on in
put line 195.
(pdftex.def)             Requested size: 398.57257pt x 216.81pt.


LaTeX Warning: File `/home/owner/Desktop/LAB REPORTS/D1/Pic7.PNG' not found on 
input line 214.


</home/owner/Desktop/LAB REPORTS/D1/Pic7.PNG, id=168, 1431.84938pt x 682.04813p
t>
File: /home/owner/Desktop/LAB REPORTS/D1/Pic7.PNG Graphic file (type png)
 <use /home/owner/Desktop/LAB REPORTS/D1/Pic7.PNG>
Package pdftex.def Info: /home/owner/Desktop/LAB REPORTS/D1/Pic7.PNG used on in
put line 214.
(pdftex.def)             Requested size: 455.16426pt x 216.81pt.
 [5 </home/owner/Desktop/LAB REPORTS/D1/Pic5.PNG> </home/owner/Desktop/LAB REPO
RTS/D1/Pic6.PNG>]

LaTeX Warning: File `/home/owner/Desktop/LAB REPORTS/D1/Pic8.PNG' not found on 
input line 224.


</home/owner/Desktop/LAB REPORTS/D1/Pic8.PNG, id=176, 730.98094pt x 434.37282pt
>
File: /home/owner/Desktop/LAB REPORTS/D1/Pic8.PNG Graphic file (type png)
 <use /home/owner/Desktop/LAB REPORTS/D1/Pic8.PNG>
Package pdftex.def Info: /home/owner/Desktop/LAB REPORTS/D1/Pic8.PNG used on in
put line 224.
(pdftex.def)             Requested size: 364.86496pt x 216.81pt.
 [6 </home/owner/Desktop/LAB REPORTS/D1/Pic7.PNG> </home/owner/Desktop/LAB REPO
RTS/D1/Pic8.PNG>]

LaTeX Warning: File `/home/owner/Desktop/LAB REPORTS/D1/Pic9.PNG' not found on 
input line 258.


</home/owner/Desktop/LAB REPORTS/D1/Pic9.PNG, id=183, 871.00406pt x 519.44063pt
>
File: /home/owner/Desktop/LAB REPORTS/D1/Pic9.PNG Graphic file (type png)
 <use /home/owner/Desktop/LAB REPORTS/D1/Pic9.PNG>
Package pdftex.def Info: /home/owner/Desktop/LAB REPORTS/D1/Pic9.PNG used on in
put line 258.
(pdftex.def)             Requested size: 363.54655pt x 216.81pt.


LaTeX Warning: File `/home/owner/Desktop/LAB REPORTS/D1/Pic10.PNG' not found on
 input line 267.


</home/owner/Desktop/LAB REPORTS/D1/Pic10.PNG, id=184, 871.75688pt x 521.69907p
t>
File: /home/owner/Desktop/LAB REPORTS/D1/Pic10.PNG Graphic file (type png)
 <use /home/owner/Desktop/LAB REPORTS/D1/Pic10.PNG>
Package pdftex.def Info: /home/owner/Desktop/LAB REPORTS/D1/Pic10.PNG used on i
nput line 267.
(pdftex.def)             Requested size: 362.29114pt x 216.81pt.
 [7 </home/owner/Desktop/LAB REPORTS/D1/Pic9.PNG>]
Underfull \hbox (badness 10000) in paragraph at lines 286--287

 []


Underfull \hbox (badness 10000) in paragraph at lines 288--289

 []


Underfull \hbox (badness 10000) in paragraph at lines 290--291

 []


Underfull \hbox (badness 10000) in paragraph at lines 292--293

 []


Underfull \hbox (badness 10000) in paragraph at lines 294--295

 []

[8 </home/owner/Desktop/LAB REPORTS/D1/Pic10.PNG>]
Underfull \hbox (badness 10000) in paragraph at lines 296--297

 []


Underfull \hbox (badness 10000) in paragraph at lines 298--299

 []


Underfull \hbox (badness 10000) in paragraph at lines 300--301

 []


Underfull \hbox (badness 10000) in paragraph at lines 302--303

 []


Underfull \hbox (badness 10000) in paragraph at lines 304--305

 []


Underfull \hbox (badness 10000) in paragraph at lines 306--307

 []


Underfull \hbox (badness 10000) in paragraph at lines 308--309

 []


Underfull \hbox (badness 10000) in paragraph at lines 311--312

 []


Underfull \hbox (badness 10000) in paragraph at lines 313--314

 []


Underfull \hbox (badness 10000) in paragraph at lines 315--316

 []

[9]
Underfull \hbox (badness 10000) in paragraph at lines 317--318

 []


LaTeX Warning: File `/home/owner/Desktop/LAB REPORTS/D1/Pic11.PNG' not found on
 input line 353.


</home/owner/Desktop/LAB REPORTS/D1/Pic11.PNG, id=206, 872.50969pt x 523.9575pt
>
File: /home/owner/Desktop/LAB REPORTS/D1/Pic11.PNG Graphic file (type png)
 <use /home/owner/Desktop/LAB REPORTS/D1/Pic11.PNG>
Package pdftex.def Info: /home/owner/Desktop/LAB REPORTS/D1/Pic11.PNG used on i
nput line 353.
(pdftex.def)             Requested size: 361.03302pt x 216.81pt.
 [10 </home/owner/Desktop/LAB REPORTS/D1/Pic11.PNG>]

LaTeX Warning: File `/home/owner/Desktop/LAB REPORTS/D1/Pic12.PNG' not found on
 input line 381.


</home/owner/Desktop/LAB REPORTS/D1/Pic12.PNG, id=212, 873.2625pt x 520.94624pt
>
File: /home/owner/Desktop/LAB REPORTS/D1/Pic12.PNG Graphic file (type png)
 <use /home/owner/Desktop/LAB REPORTS/D1/Pic12.PNG>
Package pdftex.def Info: /home/owner/Desktop/LAB REPORTS/D1/Pic12.PNG used on i
nput line 381.
(pdftex.def)             Requested size: 363.43652pt x 216.81pt.
 [11 </home/owner/Desktop/LAB REPORTS/D1/Pic12.PNG>]
Missing character: There is no â in font cmr10!
Missing character: There is no € in font cmr10!
Missing character: There is no ¢ in font cmr10!
 [12]
Underfull \hbox (badness 10000) in paragraph at lines 418--420

 []

Package atveryend Info: Empty hook `BeforeClearDocument' on input line 442.
[13]
Package atveryend Info: Empty hook `AfterLastShipout' on input line 442.
 (./Document_Template.aux)
Package atveryend Info: Executing hook `AtVeryEndDocument' on input line 442.
Package atveryend Info: Executing hook `AtEndAfterFileList' on input line 442.
Package rerunfilecheck Info: File `Document_Template.out' has not changed.
(rerunfilecheck)             Checksum: 05DB7F6656ADFFA7AE37265BF5017830;1147.


LaTeX Warning: There were multiply-defined labels.

Package atveryend Info: Empty hook `AtVeryVeryEnd' on input line 442.
 ) 
Here is how much of TeX's memory you used:
 5995 strings out of 494985
 89449 string characters out of 6180356
 268003 words of memory out of 5000000
 9114 multiletter control sequences out of 15000+600000
 7269 words of font info for 26 fonts, out of 8000000 for 9000
 36 hyphenation exceptions out of 8191
 29i,11n,43p,634b,337s stack positions out of 5000i,500n,10000p,200000b,80000s
</usr/share/texlive/texmf-dist/fonts/type1/public/amsfonts/cm/cmbx10.pfb></us
r/share/texlive/texmf-dist/fonts/type1/public/amsfonts/cm/cmbx12.pfb></usr/shar
e/texlive/texmf-dist/fonts/type1/public/amsfonts/cm/cmcsc10.pfb></usr/share/tex
live/texmf-dist/fonts/type1/public/amsfonts/cm/cmmi10.pfb></usr/share/texlive/t
exmf-dist/fonts/type1/public/amsfonts/cm/cmmi7.pfb></usr/share/texlive/texmf-di
st/fonts/type1/public/amsfonts/cm/cmr10.pfb></usr/share/texlive/texmf-dist/font
s/type1/public/amsfonts/cm/cmr5.pfb></usr/share/texlive/texmf-dist/fonts/type1/
public/amsfonts/cm/cmr7.pfb></usr/share/texlive/texmf-dist/fonts/type1/public/a
msfonts/cm/cmsy10.pfb></usr/share/texlive/texmf-dist/fonts/type1/public/amsfont
s/cm/cmsy5.pfb></usr/share/texlive/texmf-dist/fonts/type1/public/amsfonts/cm/cm
sy7.pfb>
Output written on Document_Template.pdf (15 pages, 449921 bytes).
PDF statistics:
 285 PDF objects out of 1000 (max. 8388607)
 230 compressed objects within 3 object streams
 58 named destinations out of 1000 (max. 500000)
 189 words of extra memory for PDF output out of 10000 (max. 10000000)

