This is pdfTeX, Version 3.1415926-2.5-1.40.14 (TeX Live 2013/Debian) (format=pdflatex 2016.2.25)  8 APR 2016 12:50
entering extended mode
 restricted \write18 enabled.
 %&-line parsing enabled.
**bplan.tex
(./bplan.tex
LaTeX2e <2011/06/27>
Babel <3.9h> and hyphenation patterns for 4 languages loaded.
(/usr/share/texlive/texmf-dist/tex/latex/base/article.cls
Document Class: article 2007/10/19 v1.4h Standard LaTeX document class
(/usr/share/texlive/texmf-dist/tex/latex/base/size10.clo
File: size10.clo 2007/10/19 v1.4h Standard LaTeX file (size option)
)
\c@part=\count79
\c@section=\count80
\c@subsection=\count81
\c@subsubsection=\count82
\c@paragraph=\count83
\c@subparagraph=\count84
\c@figure=\count85
\c@table=\count86
\abovecaptionskip=\skip41
\belowcaptionskip=\skip42
\bibindent=\dimen102
)
(/usr/share/texlive/texmf-dist/tex/latex/graphics/lscape.sty
Package: lscape 2000/10/22 v3.01 Landscape Pages (DPC)

(/usr/share/texlive/texmf-dist/tex/latex/graphics/graphics.sty
Package: graphics 2009/02/05 v1.0o Standard LaTeX Graphics (DPC,SPQR)

(/usr/share/texlive/texmf-dist/tex/latex/graphics/trig.sty
Package: trig 1999/03/16 v1.09 sin cos tan (DPC)
)
(/usr/share/texlive/texmf-dist/tex/latex/latexconfig/graphics.cfg
File: graphics.cfg 2010/04/23 v1.9 graphics configuration of TeX Live
)
Package graphics Info: Driver file: pdftex.def on input line 91.

(/usr/share/texlive/texmf-dist/tex/latex/pdftex-def/pdftex.def
File: pdftex.def 2011/05/27 v0.06d Graphics/color for pdfTeX

(/usr/share/texlive/texmf-dist/tex/generic/oberdiek/infwarerr.sty
Package: infwarerr 2010/04/08 v1.3 Providing info/warning/error messages (HO)
)
(/usr/share/texlive/texmf-dist/tex/generic/oberdiek/ltxcmds.sty
Package: ltxcmds 2011/11/09 v1.22 LaTeX kernel commands for general use (HO)
)
\Gread@gobject=\count87
)))
(/usr/share/texlive/texmf-dist/tex/latex/lipsum/lipsum.sty
Package: lipsum 2011/04/14 v1.2 150 paragraphs of Lorem Ipsum dummy text
\c@lips@count=\count88
)
(/usr/share/texlive/texmf-dist/tex/latex/geometry/geometry.sty
Package: geometry 2010/09/12 v5.6 Page Geometry

(/usr/share/texlive/texmf-dist/tex/latex/graphics/keyval.sty
Package: keyval 1999/03/16 v1.13 key=value parser (DPC)
\KV@toks@=\toks14
)
(/usr/share/texlive/texmf-dist/tex/generic/oberdiek/ifpdf.sty
Package: ifpdf 2011/01/30 v2.3 Provides the ifpdf switch (HO)
Package ifpdf Info: pdfTeX in PDF mode is detected.
)
(/usr/share/texlive/texmf-dist/tex/generic/oberdiek/ifvtex.sty
Package: ifvtex 2010/03/01 v1.5 Detect VTeX and its facilities (HO)
Package ifvtex Info: VTeX not detected.
)
(/usr/share/texlive/texmf-dist/tex/generic/ifxetex/ifxetex.sty
Package: ifxetex 2010/09/12 v0.6 Provides ifxetex conditional
)
\Gm@cnth=\count89
\Gm@cntv=\count90
\c@Gm@tempcnt=\count91
\Gm@bindingoffset=\dimen103
\Gm@wd@mp=\dimen104
\Gm@odd@mp=\dimen105
\Gm@even@mp=\dimen106
\Gm@layoutwidth=\dimen107
\Gm@layoutheight=\dimen108
\Gm@layouthoffset=\dimen109
\Gm@layoutvoffset=\dimen110
\Gm@dimlist=\toks15
)
(/usr/share/texlive/texmf-dist/tex/latex/graphics/graphicx.sty
Package: graphicx 1999/02/16 v1.0f Enhanced LaTeX Graphics (DPC,SPQR)
\Gin@req@height=\dimen111
\Gin@req@width=\dimen112
)
(/usr/share/texlive/texmf-dist/tex/latex/float/float.sty
Package: float 2001/11/08 v1.3d Float enhancements (AL)
\c@float@type=\count92
\float@exts=\toks16
\float@box=\box26
\@float@everytoks=\toks17
\@floatcapt=\box27
)
(/usr/share/texlive/texmf-dist/tex/latex/amsmath/amsmath.sty
Package: amsmath 2013/01/14 v2.14 AMS math features
\@mathmargin=\skip43

For additional information on amsmath, use the `?' option.
(/usr/share/texlive/texmf-dist/tex/latex/amsmath/amstext.sty
Package: amstext 2000/06/29 v2.01

(/usr/share/texlive/texmf-dist/tex/latex/amsmath/amsgen.sty
File: amsgen.sty 1999/11/30 v2.0
\@emptytoks=\toks18
\ex@=\dimen113
))
(/usr/share/texlive/texmf-dist/tex/latex/amsmath/amsbsy.sty
Package: amsbsy 1999/11/29 v1.2d
\pmbraise@=\dimen114
)
(/usr/share/texlive/texmf-dist/tex/latex/amsmath/amsopn.sty
Package: amsopn 1999/12/14 v2.01 operator names
)
\inf@bad=\count93
LaTeX Info: Redefining \frac on input line 210.
\uproot@=\count94
\leftroot@=\count95
LaTeX Info: Redefining \overline on input line 306.
\classnum@=\count96
\DOTSCASE@=\count97
LaTeX Info: Redefining \ldots on input line 378.
LaTeX Info: Redefining \dots on input line 381.
LaTeX Info: Redefining \cdots on input line 466.
\Mathstrutbox@=\box28
\strutbox@=\box29
\big@size=\dimen115
LaTeX Font Info:    Redeclaring font encoding OML on input line 566.
LaTeX Font Info:    Redeclaring font encoding OMS on input line 567.
\macc@depth=\count98
\c@MaxMatrixCols=\count99
\dotsspace@=\muskip10
\c@parentequation=\count100
\dspbrk@lvl=\count101
\tag@help=\toks19
\row@=\count102
\column@=\count103
\maxfields@=\count104
\andhelp@=\toks20
\eqnshift@=\dimen116
\alignsep@=\dimen117
\tagshift@=\dimen118
\tagwidth@=\dimen119
\totwidth@=\dimen120
\lineht@=\dimen121
\@envbody=\toks21
\multlinegap=\skip44
\multlinetaggap=\skip45
\mathdisplay@stack=\toks22
LaTeX Info: Redefining \[ on input line 2665.
LaTeX Info: Redefining \] on input line 2666.
)
(/usr/share/texlive/texmf-dist/tex/latex/amsfonts/amssymb.sty
Package: amssymb 2013/01/14 v3.01 AMS font symbols

(/usr/share/texlive/texmf-dist/tex/latex/amsfonts/amsfonts.sty
Package: amsfonts 2013/01/14 v3.01 Basic AMSFonts support
\symAMSa=\mathgroup4
\symAMSb=\mathgroup5
LaTeX Font Info:    Overwriting math alphabet `\mathfrak' in version `bold'
(Font)                  U/euf/m/n --> U/euf/b/n on input line 106.
))
(/usr/share/texlive/texmf-dist/tex/latex/fancyhdr/fancyhdr.sty
\fancy@headwidth=\skip46
\f@ncyO@elh=\skip47
\f@ncyO@erh=\skip48
\f@ncyO@olh=\skip49
\f@ncyO@orh=\skip50
\f@ncyO@elf=\skip51
\f@ncyO@erf=\skip52
\f@ncyO@olf=\skip53
\f@ncyO@orf=\skip54
) (./bplan.aux

LaTeX Warning: Label `my-label' multiply defined.


LaTeX Warning: Label `my-label' multiply defined.


LaTeX Warning: Label `my-label' multiply defined.


LaTeX Warning: Label `my-label' multiply defined.

)
\openout1 = `bplan.aux'.

LaTeX Font Info:    Checking defaults for OML/cmm/m/it on input line 19.
LaTeX Font Info:    ... okay on input line 19.
LaTeX Font Info:    Checking defaults for T1/cmr/m/n on input line 19.
LaTeX Font Info:    ... okay on input line 19.
LaTeX Font Info:    Checking defaults for OT1/cmr/m/n on input line 19.
LaTeX Font Info:    ... okay on input line 19.
LaTeX Font Info:    Checking defaults for OMS/cmsy/m/n on input line 19.
LaTeX Font Info:    ... okay on input line 19.
LaTeX Font Info:    Checking defaults for OMX/cmex/m/n on input line 19.
LaTeX Font Info:    ... okay on input line 19.
LaTeX Font Info:    Checking defaults for U/cmr/m/n on input line 19.
LaTeX Font Info:    ... okay on input line 19.
 (/usr/share/texlive/texmf-dist/tex/context/base/supp-pdf.mkii
[Loading MPS to PDF converter (version 2006.09.02).]
\scratchcounter=\count105
\scratchdimen=\dimen122
\scratchbox=\box30
\nofMPsegments=\count106
\nofMParguments=\count107
\everyMPshowfont=\toks23
\MPscratchCnt=\count108
\MPscratchDim=\dimen123
\MPnumerator=\count109
\makeMPintoPDFobject=\count110
\everyMPtoPDFconversion=\toks24
) (/usr/share/texlive/texmf-dist/tex/generic/oberdiek/pdftexcmds.sty
Package: pdftexcmds 2011/11/29 v0.20 Utility functions of pdfTeX for LuaTeX (HO
)

(/usr/share/texlive/texmf-dist/tex/generic/oberdiek/ifluatex.sty
Package: ifluatex 2010/03/01 v1.3 Provides the ifluatex switch (HO)
Package ifluatex Info: LuaTeX not detected.
)
Package pdftexcmds Info: LuaTeX not detected.
Package pdftexcmds Info: \pdf@primitive is available.
Package pdftexcmds Info: \pdf@ifprimitive is available.
Package pdftexcmds Info: \pdfdraftmode found.
)
(/usr/share/texlive/texmf-dist/tex/latex/oberdiek/epstopdf-base.sty
Package: epstopdf-base 2010/02/09 v2.5 Base part for package epstopdf

(/usr/share/texlive/texmf-dist/tex/latex/oberdiek/grfext.sty
Package: grfext 2010/08/19 v1.1 Manage graphics extensions (HO)

(/usr/share/texlive/texmf-dist/tex/generic/oberdiek/kvdefinekeys.sty
Package: kvdefinekeys 2011/04/07 v1.3 Define keys (HO)
))
(/usr/share/texlive/texmf-dist/tex/latex/oberdiek/kvoptions.sty
Package: kvoptions 2011/06/30 v3.11 Key value format for package options (HO)

(/usr/share/texlive/texmf-dist/tex/generic/oberdiek/kvsetkeys.sty
Package: kvsetkeys 2012/04/25 v1.16 Key value parser (HO)

(/usr/share/texlive/texmf-dist/tex/generic/oberdiek/etexcmds.sty
Package: etexcmds 2011/02/16 v1.5 Avoid name clashes with e-TeX commands (HO)
Package etexcmds Info: Could not find \expanded.
(etexcmds)             That can mean that you are not using pdfTeX 1.50 or
(etexcmds)             that some package has redefined \expanded.
(etexcmds)             In the latter case, load this package earlier.
)))
Package grfext Info: Graphics extension search list:
(grfext)             [.png,.pdf,.jpg,.mps,.jpeg,.jbig2,.jb2,.PNG,.PDF,.JPG,.JPE
G,.JBIG2,.JB2,.eps]
(grfext)             \AppendGraphicsExtensions on input line 452.

(/usr/share/texlive/texmf-dist/tex/latex/latexconfig/epstopdf-sys.cfg
File: epstopdf-sys.cfg 2010/07/13 v1.3 Configuration of (r)epstopdf for TeX Liv
e
))
*geometry* driver: auto-detecting
*geometry* detected driver: pdftex
*geometry* verbose mode - [ preamble ] result:
* driver: pdftex
* paper: <default>
* layout: <same size as paper>
* layoutoffset:(h,v)=(0.0pt,0.0pt)
* modes: includefoot 
* h-part:(L,W,R)=(72.26999pt, 469.75502pt, 72.26999pt)
* v-part:(T,H,B)=(72.26999pt, 650.43001pt, 72.26999pt)
* \paperwidth=614.295pt
* \paperheight=794.96999pt
* \textwidth=469.75502pt
* \textheight=620.43001pt
* \oddsidemargin=0.0pt
* \evensidemargin=0.0pt
* \topmargin=-37.0pt
* \headheight=12.0pt
* \headsep=25.0pt
* \topskip=10.0pt
* \footskip=30.0pt
* \marginparwidth=65.0pt
* \marginparsep=11.0pt
* \columnsep=10.0pt
* \skip\footins=9.0pt plus 4.0pt minus 2.0pt
* \hoffset=0.0pt
* \voffset=0.0pt
* \mag=1000
* \@twocolumnfalse
* \@twosidefalse
* \@mparswitchfalse
* \@reversemarginfalse
* (1in=72.27pt=25.4mm, 1cm=28.453pt)

LaTeX Font Info:    Try loading font information for U+msa on input line 23.
(/usr/share/texlive/texmf-dist/tex/latex/amsfonts/umsa.fd
File: umsa.fd 2013/01/14 v3.01 AMS symbols A
)
LaTeX Font Info:    Try loading font information for U+msb on input line 23.

(/usr/share/texlive/texmf-dist/tex/latex/amsfonts/umsb.fd
File: umsb.fd 2013/01/14 v3.01 AMS symbols B
)
<logo.png, id=1, 169.63374pt x 207.77625pt>
File: logo.png Graphic file (type png)
 <use logo.png>
Package pdftex.def Info: logo.png used on input line 25.
(pdftex.def)             Requested size: 103.25641pt x 126.47249pt.
File: logo.png Graphic file (type png)
 <use logo.png>
Package pdftex.def Info: logo.png used on input line 25.
(pdftex.def)             Requested size: 103.25641pt x 126.47249pt.

! Extra }, or forgotten \endgroup.
<recently read> }
                 
l.44 	08 April 2016\\}
                      
I've deleted a group-closing symbol because it seems to be
spurious, as in `$x}$'. But perhaps the } is legitimate and
you forgot something else, as in `\hbox{$x}'. In such cases
the way to recover is to insert both the forgotten and the
deleted material, e.g., by typing `I$}'.

[1

{/var/lib/texmf/fonts/map/pdftex/updmap/pdftex.map} <./logo.png>]
(./bplan.toc
! Misplaced alignment tab character &.
<argument> \numberline {5}Pricing &
                                    Positioning Strategy
l.6 ...rline {5}Pricing & Positioning Strategy}{3}
                                                  
I can't figure out why you would want to use a tab mark
here. If you just want an ampersand, the remedy is
simple: Just type `I\&' now. But if some right brace
up above has ended a previous alignment prematurely,
you're probably due for more error messages, and you
might try typing `S' now just to see what is salvageable.

)
\tf@toc=\write3
\openout3 = `bplan.toc'.

 (./bplan.lot)
\tf@lot=\write4
\openout4 = `bplan.lot'.

 [1] <concept2.png, id=15, 602.25pt x 451.6875pt>
File: concept2.png Graphic file (type png)

<use concept2.png>
Package pdftex.def Info: concept2.png used on input line 71.
(pdftex.def)             Requested size: 168.62885pt x 126.47249pt.
File: concept2.png Graphic file (type png)
 <use concept2.png>
Package pdftex.def Info: concept2.png used on input line 71.
(pdftex.def)             Requested size: 168.62885pt x 126.47249pt.

Underfull \hbox (badness 10000) in paragraph at lines 71--72

 []

<concept3.jpg, id=16, 451.6875pt x 338.76563pt>
File: concept3.jpg Graphic file (type jpg)
 <use concept3.jpg>
Package pdftex.def Info: concept3.jpg used on input line 83.
(pdftex.def)             Requested size: 168.63113pt x 126.47249pt.
File: concept3.jpg Graphic file (type jpg)

<use concept3.jpg>
Package pdftex.def Info: concept3.jpg used on input line 83.
(pdftex.def)             Requested size: 168.63113pt x 126.47249pt.

Underfull \hbox (badness 10000) in paragraph at lines 83--84

 []

<concept4.png, id=17, 586.19pt x 423.5825pt>
File: concept4.png Graphic file (type png)
 <use concept4.png>
Package pdftex.def Info: concept4.png used on input line 88.
(pdftex.def)             Requested size: 175.01756pt x 126.47249pt.
File: concept4.png Graphic file (type png)

<use concept4.png>
Package pdftex.def Info: concept4.png used on input line 88.
(pdftex.def)             Requested size: 175.01756pt x 126.47249pt.

Underfull \hbox (badness 10000) in paragraph at lines 88--89

 []

[1

 <./concept2.png (PNG copy)> <./concept3.jpg> <./concept4.png (PNG copy)>]
[2]
! Misplaced alignment tab character &.
<argument> Pricing &
                     Positioning Strategy
l.122 \section{Pricing & Positioning Strategy}
                                              
I can't figure out why you would want to use a tab mark
here. If you just want an ampersand, the remedy is
simple: Just type `I\&' now. But if some right brace
up above has ended a previous alignment prematurely,
you're probably due for more error messages, and you
might try typing `S' now just to see what is salvageable.

Missing character: There is no â in font cmr10!
Missing character: There is no € in font cmr10!
Missing character: There is no ™ in font cmr10!
[3]
Missing character: There is no â in font cmr10!
Missing character: There is no ‚ in font cmr10!
Missing character: There is no ¬ in font cmr10!
Missing character: There is no â in font cmr10!
Missing character: There is no ‚ in font cmr10!
Missing character: There is no ¬ in font cmr10!
Missing character: There is no â in font cmr10!
Missing character: There is no ‚ in font cmr10!
Missing character: There is no ¬ in font cmr10!
Missing character: There is no â in font cmr10!
Missing character: There is no € in font cmr10!
Missing character: There is no ™ in font cmr10!
 [4]
Overfull \vbox (492.8755pt too high) has occurred while \output is active []


[5]
Missing character: There is no â in font cmr10!
Missing character: There is no ‚ in font cmr10!
Missing character: There is no ¬ in font cmr10!
Missing character: There is no â in font cmr10!
Missing character: There is no ‚ in font cmr10!
Missing character: There is no ¬ in font cmr10!
Missing character: There is no â in font cmr10!
Missing character: There is no ‚ in font cmr10!
Missing character: There is no ¬ in font cmr10!
Missing character: There is no â in font cmr10!
Missing character: There is no € in font cmr10!
Missing character: There is no ¦ in font cmr10!
Missing character: There is no â in font cmr10!
Missing character: There is no € in font cmr10!
Missing character: There is no ¦ in font cmr10!
Missing character: There is no â in font cmr10!
Missing character: There is no ‚ in font cmr10!
Missing character: There is no ¬ in font cmr10!
Missing character: There is no â in font cmr10!
Missing character: There is no ‚ in font cmr10!
Missing character: There is no ¬ in font cmr10!
Missing character: There is no â in font cmr10!
Missing character: There is no ‚ in font cmr10!
Missing character: There is no ¬ in font cmr10!
 [6] [7]
Missing character: There is no â in font cmr10!
Missing character: There is no ‚ in font cmr10!
Missing character: There is no ¬ in font cmr10!
Missing character: There is no â in font cmr10!
Missing character: There is no ‚ in font cmr10!
Missing character: There is no ¬ in font cmr10!
Missing character: There is no â in font cmr10!
Missing character: There is no ‚ in font cmr10!
Missing character: There is no ¬ in font cmr10!
Missing character: There is no â in font cmr10!
Missing character: There is no ‚ in font cmr10!
Missing character: There is no ¬ in font cmr10!
Missing character: There is no â in font cmr10!
Missing character: There is no ‚ in font cmr10!
Missing character: There is no ¬ in font cmr10!
Missing character: There is no â in font cmr10!
Missing character: There is no ‚ in font cmr10!
Missing character: There is no ¬ in font cmr10!

Overfull \hbox (50.5237pt too wide) in paragraph at lines 379--389
 [][] 
 []

! Misplaced alignment tab character &.
l.391 The primary expenses will be spent on R&
                                              D , as this is a physical prod...
I can't figure out why you would want to use a tab mark
here. If you just want an ampersand, the remedy is
simple: Just type `I\&' now. But if some right brace
up above has ended a previous alignment prematurely,
you're probably due for more error messages, and you
might try typing `S' now just to see what is salvageable.

[8] [9]
*geometry* verbose mode - [ newgeometry ] result:
* driver: pdftex
* paper: <default>
* layout: <same size as paper>
* layoutoffset:(h,v)=(0.0pt,0.0pt)
* modes: 
* h-part:(L,W,R)=(28.45274pt, 557.38951pt, 28.45274pt)
* v-part:(T,H,B)=(14.22636pt, 762.24951pt, 18.49411pt)
* \paperwidth=614.295pt
* \paperheight=794.96999pt
* \textwidth=557.38951pt
* \textheight=762.24951pt
* \oddsidemargin=-43.81725pt
* \evensidemargin=-43.81725pt
* \topmargin=-95.04362pt
* \headheight=12.0pt
* \headsep=25.0pt
* \topskip=10.0pt
* \footskip=30.0pt
* \marginparwidth=65.0pt
* \marginparsep=11.0pt
* \columnsep=10.0pt
* \skip\footins=9.0pt plus 4.0pt minus 2.0pt
* \hoffset=0.0pt
* \voffset=0.0pt
* \mag=1000
* \@twocolumnfalse
* \@twosidefalse
* \@mparswitchfalse
* \@reversemarginfalse
* (1in=72.27pt=25.4mm, 1cm=28.453pt)

Missing character: There is no â in font cmr10!
Missing character: There is no ‚ in font cmr10!
Missing character: There is no ¬ in font cmr10!
Missing character: There is no â in font cmr10!
Missing character: There is no ‚ in font cmr10!
Missing character: There is no ¬ in font cmr10!
Missing character: There is no â in font cmr10!
Missing character: There is no ‚ in font cmr10!
Missing character: There is no ¬ in font cmr10!
Missing character: There is no â in font cmr10!
Missing character: There is no ‚ in font cmr10!
Missing character: There is no ¬ in font cmr10!
Missing character: There is no â in font cmr10!
Missing character: There is no ‚ in font cmr10!
Missing character: There is no ¬ in font cmr10!
Missing character: There is no â in font cmr10!
Missing character: There is no ‚ in font cmr10!
Missing character: There is no ¬ in font cmr10!
Missing character: There is no â in font cmr10!
Missing character: There is no ‚ in font cmr10!
Missing character: There is no ¬ in font cmr10!
Missing character: There is no â in font cmr10!
Missing character: There is no ‚ in font cmr10!
Missing character: There is no ¬ in font cmr10!
Missing character: There is no â in font cmr10!
Missing character: There is no ‚ in font cmr10!
Missing character: There is no ¬ in font cmr10!
Missing character: There is no â in font cmr10!
Missing character: There is no ‚ in font cmr10!
Missing character: There is no ¬ in font cmr10!
Missing character: There is no â in font cmr10!
Missing character: There is no ‚ in font cmr10!
Missing character: There is no ¬ in font cmr10!
Missing character: There is no â in font cmr10!
Missing character: There is no ‚ in font cmr10!
Missing character: There is no ¬ in font cmr10!
Missing character: There is no â in font cmr10!
Missing character: There is no ‚ in font cmr10!
Missing character: There is no ¬ in font cmr10!
 [10


] [11

] (./bplan.aux)

LaTeX Warning: There were multiply-defined labels.

 ) 
Here is how much of TeX's memory you used:
 3246 strings out of 494985
 42826 string characters out of 6180356
 216426 words of memory out of 5000000
 6407 multiletter control sequences out of 15000+600000
 8065 words of font info for 31 fonts, out of 8000000 for 9000
 36 hyphenation exceptions out of 8191
 38i,11n,43p,898b,296s stack positions out of 5000i,500n,10000p,200000b,80000s
</usr/share/texlive/texmf-dist/fonts/type1/public/amsfonts/cm/cmbx10.pfb></us
r/share/texlive/texmf-dist/fonts/type1/public/amsfonts/cm/cmbx12.pfb></usr/shar
e/texlive/texmf-dist/fonts/type1/public/amsfonts/cm/cmcsc10.pfb></usr/share/tex
live/texmf-dist/fonts/type1/public/amsfonts/cm/cmr10.pfb>
Output written on bplan.pdf (13 pages, 340063 bytes).
PDF statistics:
 68 PDF objects out of 1000 (max. 8388607)
 43 compressed objects within 1 object stream
 0 named destinations out of 1000 (max. 500000)
 21 words of extra memory for PDF output out of 10000 (max. 10000000)

