\BOOKMARK [1][-]{section*.2}{List of Tables}{}% 1
\BOOKMARK [1][-]{section.1}{CODE}{}% 2
\BOOKMARK [2][-]{subsection.1.1}{DATA PATH}{section.1}% 3
\BOOKMARK [2][-]{subsection.1.2}{REGISTER FILE}{section.1}% 4
\BOOKMARK [3][-]{subsubsection.1.2.1}{REG8}{subsection.1.2}% 5
\BOOKMARK [3][-]{subsubsection.1.2.2}{DECODER}{subsection.1.2}% 6
\BOOKMARK [3][-]{subsubsection.1.2.3}{MUX3 TO 16BIT}{subsection.1.2}% 7
\BOOKMARK [3][-]{subsubsection.1.2.4}{MUX8 TO 16BIT}{subsection.1.2}% 8
\BOOKMARK [2][-]{subsection.1.3}{FUNCTION UNIT}{section.1}% 9
\BOOKMARK [2][-]{subsection.1.4}{SHIFTER}{section.1}% 10
\BOOKMARK [3][-]{subsubsection.1.4.1}{MUX3 TO 1BIT}{subsection.1.4}% 11
\BOOKMARK [2][-]{subsection.1.5}{ALU}{section.1}% 12
\BOOKMARK [3][-]{subsubsection.1.5.1}{B LOGIC}{subsection.1.5}% 13
\BOOKMARK [3][-]{subsubsection.1.5.2}{MUX2 TO 1BIT}{subsection.1.5}% 14
\BOOKMARK [3][-]{subsubsection.1.5.3}{RIPPLE}{subsection.1.5}% 15
\BOOKMARK [3][-]{subsubsection.1.5.4}{FULL ADDER}{subsection.1.5}% 16
\BOOKMARK [1][-]{section.2}{TESTBENCHES}{}% 17
\BOOKMARK [2][-]{subsection.2.1}{DATA PATH}{section.2}% 18
\BOOKMARK [2][-]{subsection.2.2}{REGISTER FILE}{section.2}% 19
\BOOKMARK [3][-]{subsubsection.2.2.1}{REG8}{subsection.2.2}% 20
\BOOKMARK [3][-]{subsubsection.2.2.2}{DECODER}{subsection.2.2}% 21
\BOOKMARK [3][-]{subsubsection.2.2.3}{MUX3 TO 16BIT}{subsection.2.2}% 22
\BOOKMARK [3][-]{subsubsection.2.2.4}{MUX8 TO 16BIT}{subsection.2.2}% 23
\BOOKMARK [2][-]{subsection.2.3}{FUNCTION UNIT}{section.2}% 24
\BOOKMARK [2][-]{subsection.2.4}{SHIFTER}{section.2}% 25
\BOOKMARK [3][-]{subsubsection.2.4.1}{MUX3 TO 1BIT}{subsection.2.4}% 26
\BOOKMARK [2][-]{subsection.2.5}{ALU}{section.2}% 27
\BOOKMARK [3][-]{subsubsection.2.5.1}{LOGIC}{subsection.2.5}% 28
\BOOKMARK [3][-]{subsubsection.2.5.2}{B LOGIC}{subsection.2.5}% 29
\BOOKMARK [3][-]{subsubsection.2.5.3}{MUX2 TO 1BIT}{subsection.2.5}% 30
\BOOKMARK [3][-]{subsubsection.2.5.4}{RIPPLE}{subsection.2.5}% 31
\BOOKMARK [3][-]{subsubsection.2.5.5}{FULL ADDER}{subsection.2.5}% 32
