This is pdfTeX, Version 3.1415926-2.5-1.40.14 (TeX Live 2013/Debian) (format=pdflatex 2015.6.24)  8 DEC 2015 15:55
entering extended mode
 restricted \write18 enabled.
 %&-line parsing enabled.
**S1.tex
(./S1.tex
LaTeX2e <2011/06/27>
Babel <3.9h> and hyphenation patterns for 4 languages loaded.
(/usr/share/texlive/texmf-dist/tex/latex/base/article.cls
Document Class: article 2007/10/19 v1.4h Standard LaTeX document class
(/usr/share/texlive/texmf-dist/tex/latex/base/size10.clo
File: size10.clo 2007/10/19 v1.4h Standard LaTeX file (size option)
)
\c@part=\count79
\c@section=\count80
\c@subsection=\count81
\c@subsubsection=\count82
\c@paragraph=\count83
\c@subparagraph=\count84
\c@figure=\count85
\c@table=\count86
\abovecaptionskip=\skip41
\belowcaptionskip=\skip42
\bibindent=\dimen102
)
(/usr/share/texlive/texmf-dist/tex/latex/lipsum/lipsum.sty
Package: lipsum 2011/04/14 v1.2 150 paragraphs of Lorem Ipsum dummy text
\c@lips@count=\count87
)
(/usr/share/texlive/texmf-dist/tex/latex/geometry/geometry.sty
Package: geometry 2010/09/12 v5.6 Page Geometry

(/usr/share/texlive/texmf-dist/tex/latex/graphics/keyval.sty
Package: keyval 1999/03/16 v1.13 key=value parser (DPC)
\KV@toks@=\toks14
)
(/usr/share/texlive/texmf-dist/tex/generic/oberdiek/ifpdf.sty
Package: ifpdf 2011/01/30 v2.3 Provides the ifpdf switch (HO)
Package ifpdf Info: pdfTeX in PDF mode is detected.
)
(/usr/share/texlive/texmf-dist/tex/generic/oberdiek/ifvtex.sty
Package: ifvtex 2010/03/01 v1.5 Detect VTeX and its facilities (HO)
Package ifvtex Info: VTeX not detected.
)
(/usr/share/texlive/texmf-dist/tex/generic/ifxetex/ifxetex.sty
Package: ifxetex 2010/09/12 v0.6 Provides ifxetex conditional
)
\Gm@cnth=\count88
\Gm@cntv=\count89
\c@Gm@tempcnt=\count90
\Gm@bindingoffset=\dimen103
\Gm@wd@mp=\dimen104
\Gm@odd@mp=\dimen105
\Gm@even@mp=\dimen106
\Gm@layoutwidth=\dimen107
\Gm@layoutheight=\dimen108
\Gm@layouthoffset=\dimen109
\Gm@layoutvoffset=\dimen110
\Gm@dimlist=\toks15
)
(/usr/share/texlive/texmf-dist/tex/latex/graphics/graphicx.sty
Package: graphicx 1999/02/16 v1.0f Enhanced LaTeX Graphics (DPC,SPQR)

(/usr/share/texlive/texmf-dist/tex/latex/graphics/graphics.sty
Package: graphics 2009/02/05 v1.0o Standard LaTeX Graphics (DPC,SPQR)

(/usr/share/texlive/texmf-dist/tex/latex/graphics/trig.sty
Package: trig 1999/03/16 v1.09 sin cos tan (DPC)
)
(/usr/share/texlive/texmf-dist/tex/latex/latexconfig/graphics.cfg
File: graphics.cfg 2010/04/23 v1.9 graphics configuration of TeX Live
)
Package graphics Info: Driver file: pdftex.def on input line 91.

(/usr/share/texlive/texmf-dist/tex/latex/pdftex-def/pdftex.def
File: pdftex.def 2011/05/27 v0.06d Graphics/color for pdfTeX

(/usr/share/texlive/texmf-dist/tex/generic/oberdiek/infwarerr.sty
Package: infwarerr 2010/04/08 v1.3 Providing info/warning/error messages (HO)
)
(/usr/share/texlive/texmf-dist/tex/generic/oberdiek/ltxcmds.sty
Package: ltxcmds 2011/11/09 v1.22 LaTeX kernel commands for general use (HO)
)
\Gread@gobject=\count91
))
\Gin@req@height=\dimen111
\Gin@req@width=\dimen112
)
(/usr/share/texlive/texmf-dist/tex/latex/float/float.sty
Package: float 2001/11/08 v1.3d Float enhancements (AL)
\c@float@type=\count92
\float@exts=\toks16
\float@box=\box26
\@float@everytoks=\toks17
\@floatcapt=\box27
)
(/usr/share/texlive/texmf-dist/tex/latex/hyperref/hyperref.sty
Package: hyperref 2012/11/06 v6.83m Hypertext links for LaTeX

(/usr/share/texlive/texmf-dist/tex/generic/oberdiek/hobsub-hyperref.sty
Package: hobsub-hyperref 2012/05/28 v1.13 Bundle oberdiek, subset hyperref (HO)


(/usr/share/texlive/texmf-dist/tex/generic/oberdiek/hobsub-generic.sty
Package: hobsub-generic 2012/05/28 v1.13 Bundle oberdiek, subset generic (HO)
Package: hobsub 2012/05/28 v1.13 Construct package bundles (HO)
Package hobsub Info: Skipping package `infwarerr' (already loaded).
Package hobsub Info: Skipping package `ltxcmds' (already loaded).
Package: ifluatex 2010/03/01 v1.3 Provides the ifluatex switch (HO)
Package ifluatex Info: LuaTeX not detected.
Package hobsub Info: Skipping package `ifvtex' (already loaded).
Package: intcalc 2007/09/27 v1.1 Expandable calculations with integers (HO)
Package hobsub Info: Skipping package `ifpdf' (already loaded).
Package: etexcmds 2011/02/16 v1.5 Avoid name clashes with e-TeX commands (HO)
Package etexcmds Info: Could not find \expanded.
(etexcmds)             That can mean that you are not using pdfTeX 1.50 or
(etexcmds)             that some package has redefined \expanded.
(etexcmds)             In the latter case, load this package earlier.
Package: kvsetkeys 2012/04/25 v1.16 Key value parser (HO)
Package: kvdefinekeys 2011/04/07 v1.3 Define keys (HO)
Package: pdftexcmds 2011/11/29 v0.20 Utility functions of pdfTeX for LuaTeX (HO
)
Package pdftexcmds Info: LuaTeX not detected.
Package pdftexcmds Info: \pdf@primitive is available.
Package pdftexcmds Info: \pdf@ifprimitive is available.
Package pdftexcmds Info: \pdfdraftmode found.
Package: pdfescape 2011/11/25 v1.13 Implements pdfTeX's escape features (HO)
Package: bigintcalc 2012/04/08 v1.3 Expandable calculations on big integers (HO
)
Package: bitset 2011/01/30 v1.1 Handle bit-vector datatype (HO)
Package: uniquecounter 2011/01/30 v1.2 Provide unlimited unique counter (HO)
)
Package hobsub Info: Skipping package `hobsub' (already loaded).
Package: letltxmacro 2010/09/02 v1.4 Let assignment for LaTeX macros (HO)
Package: hopatch 2012/05/28 v1.2 Wrapper for package hooks (HO)
Package: xcolor-patch 2011/01/30 xcolor patch
Package: atveryend 2011/06/30 v1.8 Hooks at the very end of document (HO)
Package atveryend Info: \enddocument detected (standard20110627).
Package: atbegshi 2011/10/05 v1.16 At begin shipout hook (HO)
Package: refcount 2011/10/16 v3.4 Data extraction from label references (HO)
Package: hycolor 2011/01/30 v1.7 Color options for hyperref/bookmark (HO)
)
(/usr/share/texlive/texmf-dist/tex/latex/oberdiek/auxhook.sty
Package: auxhook 2011/03/04 v1.3 Hooks for auxiliary files (HO)
)
(/usr/share/texlive/texmf-dist/tex/latex/oberdiek/kvoptions.sty
Package: kvoptions 2011/06/30 v3.11 Key value format for package options (HO)
)
\@linkdim=\dimen113
\Hy@linkcounter=\count93
\Hy@pagecounter=\count94

(/usr/share/texlive/texmf-dist/tex/latex/hyperref/pd1enc.def
File: pd1enc.def 2012/11/06 v6.83m Hyperref: PDFDocEncoding definition (HO)
)
\Hy@SavedSpaceFactor=\count95

(/usr/share/texlive/texmf-dist/tex/latex/latexconfig/hyperref.cfg
File: hyperref.cfg 2002/06/06 v1.2 hyperref configuration of TeXLive
)
Package hyperref Info: Hyper figures OFF on input line 4443.
Package hyperref Info: Link nesting OFF on input line 4448.
Package hyperref Info: Hyper index ON on input line 4451.
Package hyperref Info: Plain pages OFF on input line 4458.
Package hyperref Info: Backreferencing OFF on input line 4463.
Package hyperref Info: Implicit mode ON; LaTeX internals redefined.
Package hyperref Info: Bookmarks ON on input line 4688.
\c@Hy@tempcnt=\count96

(/usr/share/texlive/texmf-dist/tex/latex/url/url.sty
\Urlmuskip=\muskip10
Package: url 2013/09/16  ver 3.4  Verb mode for urls, etc.
)
LaTeX Info: Redefining \url on input line 5041.
\XeTeXLinkMargin=\dimen114
\Fld@menulength=\count97
\Field@Width=\dimen115
\Fld@charsize=\dimen116
Package hyperref Info: Hyper figures OFF on input line 6295.
Package hyperref Info: Link nesting OFF on input line 6300.
Package hyperref Info: Hyper index ON on input line 6303.
Package hyperref Info: backreferencing OFF on input line 6310.
Package hyperref Info: Link coloring OFF on input line 6315.
Package hyperref Info: Link coloring with OCG OFF on input line 6320.
Package hyperref Info: PDF/A mode OFF on input line 6325.
LaTeX Info: Redefining \ref on input line 6365.
LaTeX Info: Redefining \pageref on input line 6369.
\Hy@abspage=\count98
\c@Item=\count99
\c@Hfootnote=\count100
)

Package hyperref Message: Driver (autodetected): hpdftex.

(/usr/share/texlive/texmf-dist/tex/latex/hyperref/hpdftex.def
File: hpdftex.def 2012/11/06 v6.83m Hyperref driver for pdfTeX
\Fld@listcount=\count101
\c@bookmark@seq@number=\count102

(/usr/share/texlive/texmf-dist/tex/latex/oberdiek/rerunfilecheck.sty
Package: rerunfilecheck 2011/04/15 v1.7 Rerun checks for auxiliary files (HO)
Package uniquecounter Info: New unique counter `rerunfilecheck' on input line 2
82.
)
\Hy@SectionHShift=\skip43
)
(/usr/share/texlive/texmf-dist/tex/latex/amsmath/amsmath.sty
Package: amsmath 2013/01/14 v2.14 AMS math features
\@mathmargin=\skip44

For additional information on amsmath, use the `?' option.
(/usr/share/texlive/texmf-dist/tex/latex/amsmath/amstext.sty
Package: amstext 2000/06/29 v2.01

(/usr/share/texlive/texmf-dist/tex/latex/amsmath/amsgen.sty
File: amsgen.sty 1999/11/30 v2.0
\@emptytoks=\toks18
\ex@=\dimen117
))
(/usr/share/texlive/texmf-dist/tex/latex/amsmath/amsbsy.sty
Package: amsbsy 1999/11/29 v1.2d
\pmbraise@=\dimen118
)
(/usr/share/texlive/texmf-dist/tex/latex/amsmath/amsopn.sty
Package: amsopn 1999/12/14 v2.01 operator names
)
\inf@bad=\count103
LaTeX Info: Redefining \frac on input line 210.
\uproot@=\count104
\leftroot@=\count105
LaTeX Info: Redefining \overline on input line 306.
\classnum@=\count106
\DOTSCASE@=\count107
LaTeX Info: Redefining \ldots on input line 378.
LaTeX Info: Redefining \dots on input line 381.
LaTeX Info: Redefining \cdots on input line 466.
\Mathstrutbox@=\box28
\strutbox@=\box29
\big@size=\dimen119
LaTeX Font Info:    Redeclaring font encoding OML on input line 566.
LaTeX Font Info:    Redeclaring font encoding OMS on input line 567.
\macc@depth=\count108
\c@MaxMatrixCols=\count109
\dotsspace@=\muskip11
\c@parentequation=\count110
\dspbrk@lvl=\count111
\tag@help=\toks19
\row@=\count112
\column@=\count113
\maxfields@=\count114
\andhelp@=\toks20
\eqnshift@=\dimen120
\alignsep@=\dimen121
\tagshift@=\dimen122
\tagwidth@=\dimen123
\totwidth@=\dimen124
\lineht@=\dimen125
\@envbody=\toks21
\multlinegap=\skip45
\multlinetaggap=\skip46
\mathdisplay@stack=\toks22
LaTeX Info: Redefining \[ on input line 2665.
LaTeX Info: Redefining \] on input line 2666.
)
(/usr/share/texlive/texmf-dist/tex/latex/amsfonts/amssymb.sty
Package: amssymb 2013/01/14 v3.01 AMS font symbols

(/usr/share/texlive/texmf-dist/tex/latex/amsfonts/amsfonts.sty
Package: amsfonts 2013/01/14 v3.01 Basic AMSFonts support
\symAMSa=\mathgroup4
\symAMSb=\mathgroup5
LaTeX Font Info:    Overwriting math alphabet `\mathfrak' in version `bold'
(Font)                  U/euf/m/n --> U/euf/b/n on input line 106.
))
(/usr/share/texlive/texmf-dist/tex/latex/fancyhdr/fancyhdr.sty
\fancy@headwidth=\skip47
\f@ncyO@elh=\skip48
\f@ncyO@erh=\skip49
\f@ncyO@olh=\skip50
\f@ncyO@orh=\skip51
\f@ncyO@elf=\skip52
\f@ncyO@erf=\skip53
\f@ncyO@olf=\skip54
\f@ncyO@orf=\skip55
) (./S1.aux)
\openout1 = `S1.aux'.

LaTeX Font Info:    Checking defaults for OML/cmm/m/it on input line 20.
LaTeX Font Info:    ... okay on input line 20.
LaTeX Font Info:    Checking defaults for T1/cmr/m/n on input line 20.
LaTeX Font Info:    ... okay on input line 20.
LaTeX Font Info:    Checking defaults for OT1/cmr/m/n on input line 20.
LaTeX Font Info:    ... okay on input line 20.
LaTeX Font Info:    Checking defaults for OMS/cmsy/m/n on input line 20.
LaTeX Font Info:    ... okay on input line 20.
LaTeX Font Info:    Checking defaults for OMX/cmex/m/n on input line 20.
LaTeX Font Info:    ... okay on input line 20.
LaTeX Font Info:    Checking defaults for U/cmr/m/n on input line 20.
LaTeX Font Info:    ... okay on input line 20.
LaTeX Font Info:    Checking defaults for PD1/pdf/m/n on input line 20.
LaTeX Font Info:    ... okay on input line 20.

*geometry* driver: auto-detecting
*geometry* detected driver: pdftex
*geometry* verbose mode - [ preamble ] result:
* driver: pdftex
* paper: <default>
* layout: <same size as paper>
* layoutoffset:(h,v)=(0.0pt,0.0pt)
* modes: includefoot 
* h-part:(L,W,R)=(72.26999pt, 469.75502pt, 72.26999pt)
* v-part:(T,H,B)=(72.26999pt, 650.43001pt, 72.26999pt)
* \paperwidth=614.295pt
* \paperheight=794.96999pt
* \textwidth=469.75502pt
* \textheight=620.43001pt
* \oddsidemargin=0.0pt
* \evensidemargin=0.0pt
* \topmargin=-37.0pt
* \headheight=12.0pt
* \headsep=25.0pt
* \topskip=10.0pt
* \footskip=30.0pt
* \marginparwidth=65.0pt
* \marginparsep=11.0pt
* \columnsep=10.0pt
* \skip\footins=9.0pt plus 4.0pt minus 2.0pt
* \hoffset=0.0pt
* \voffset=0.0pt
* \mag=1000
* \@twocolumnfalse
* \@twosidefalse
* \@mparswitchfalse
* \@reversemarginfalse
* (1in=72.27pt=25.4mm, 1cm=28.453pt)

(/usr/share/texlive/texmf-dist/tex/context/base/supp-pdf.mkii
[Loading MPS to PDF converter (version 2006.09.02).]
\scratchcounter=\count115
\scratchdimen=\dimen126
\scratchbox=\box30
\nofMPsegments=\count116
\nofMParguments=\count117
\everyMPshowfont=\toks23
\MPscratchCnt=\count118
\MPscratchDim=\dimen127
\MPnumerator=\count119
\makeMPintoPDFobject=\count120
\everyMPtoPDFconversion=\toks24
) (/usr/share/texlive/texmf-dist/tex/latex/oberdiek/epstopdf-base.sty
Package: epstopdf-base 2010/02/09 v2.5 Base part for package epstopdf

(/usr/share/texlive/texmf-dist/tex/latex/oberdiek/grfext.sty
Package: grfext 2010/08/19 v1.1 Manage graphics extensions (HO)
)
Package grfext Info: Graphics extension search list:
(grfext)             [.png,.pdf,.jpg,.mps,.jpeg,.jbig2,.jb2,.PNG,.PDF,.JPG,.JPE
G,.JBIG2,.JB2,.eps]
(grfext)             \AppendGraphicsExtensions on input line 452.

(/usr/share/texlive/texmf-dist/tex/latex/latexconfig/epstopdf-sys.cfg
File: epstopdf-sys.cfg 2010/07/13 v1.3 Configuration of (r)epstopdf for TeX Liv
e
))
\AtBeginShipoutBox=\box31
Package hyperref Info: Link coloring OFF on input line 20.

(/usr/share/texlive/texmf-dist/tex/latex/hyperref/nameref.sty
Package: nameref 2012/10/27 v2.43 Cross-referencing by name of section

(/usr/share/texlive/texmf-dist/tex/generic/oberdiek/gettitlestring.sty
Package: gettitlestring 2010/12/03 v1.4 Cleanup title references (HO)
)
\c@section@level=\count121
)
LaTeX Info: Redefining \ref on input line 20.
LaTeX Info: Redefining \pageref on input line 20.
LaTeX Info: Redefining \nameref on input line 20.

(./S1.out) (./S1.out)
\@outlinefile=\write3
\openout3 = `S1.out'.

LaTeX Font Info:    Try loading font information for U+msa on input line 24.
 (/usr/share/texlive/texmf-dist/tex/latex/amsfonts/umsa.fd
File: umsa.fd 2013/01/14 v3.01 AMS symbols A
)
LaTeX Font Info:    Try loading font information for U+msb on input line 24.
 (/usr/share/texlive/texmf-dist/tex/latex/amsfonts/umsb.fd
File: umsb.fd 2013/01/14 v3.01 AMS symbols B
)
<logo.png, id=56, 169.63374pt x 207.77625pt>
File: logo.png Graphic file (type png)
 <use logo.png>
Package pdftex.def Info: logo.png used on input line 26.
(pdftex.def)             Requested size: 103.25641pt x 126.47249pt.
File: logo.png Graphic file (type png)
 <use logo.png>
Package pdftex.def Info: logo.png used on input line 26.
(pdftex.def)             Requested size: 103.25641pt x 126.47249pt.

[1

{/var/lib/texmf/fonts/map/pdftex/updmap/pdftex.map} <./logo.png>] (./S1.toc)
\tf@toc=\write4
\openout4 = `S1.toc'.


(./S1.lot)
\tf@lot=\write5
\openout5 = `S1.lot'.

pdfTeX warning (ext4): destination with the same identifier (name{page.1}) has 
been already used, duplicate ignored
<to be read again> 
                   \relax 
l.61 \cleardoublepage
                      [1]
Underfull \hbox (badness 10000) in paragraph at lines 72--73

 []


Underfull \hbox (badness 10000) in paragraph at lines 75--76

 []

pdfTeX warning (ext4): destination with the same identifier (name{page.1}) has 
been already used, duplicate ignored
<to be read again> 
                   \relax 
l.84 \section
             {Results}\label{sec:result} [1

]
Underfull \hbox (badness 10000) in paragraph at lines 86--88

 []

<S1P12.PNG, id=93, 812.28468pt x 344.78813pt>
File: S1P12.PNG Graphic file (type png)
 <use S1P12.PNG>
Package pdftex.def Info: S1P12.PNG used on input line 93.
(pdftex.def)             Requested size: 297.95018pt x 126.47249pt.

<S1P13.PNG, id=95, 493.0922pt x 374.90062pt>
File: S1P13.PNG Graphic file (type png)
 <use S1P13.PNG>
Package pdftex.def Info: S1P13.PNG used on input line 93.
(pdftex.def)             Requested size: 166.33995pt x 126.47249pt.
File: S1P12.PNG Graphic file (type png)
 <use S1P12.PNG>
Package pdftex.def Info: S1P12.PNG used on input line 93.
(pdftex.def)             Requested size: 297.95018pt x 126.47249pt.
File: S1P13.PNG Graphic file (type png)

<use S1P13.PNG>
Package pdftex.def Info: S1P13.PNG used on input line 93.
(pdftex.def)             Requested size: 166.33995pt x 126.47249pt.

Underfull \hbox (badness 10000) in paragraph at lines 93--94

 []


Underfull \hbox (badness 10000) in paragraph at lines 95--97

 []

<S1P14.PNG, id=96, 810.02625pt x 342.5297pt>
File: S1P14.PNG Graphic file (type png)
 <use S1P14.PNG>
Package pdftex.def Info: S1P14.PNG used on input line 101.
(pdftex.def)             Requested size: 299.08702pt x 126.47249pt.

<S1P16.PNG, id=97, 539.01375pt x 442.65375pt>
File: S1P16.PNG Graphic file (type png)
 <use S1P16.PNG>
Package pdftex.def Info: S1P16.PNG used on input line 101.
(pdftex.def)             Requested size: 153.99884pt x 126.47249pt.
File: S1P14.PNG Graphic file (type png)
 <use S1P14.PNG>
Package pdftex.def Info: S1P14.PNG used on input line 101.
(pdftex.def)             Requested size: 299.08702pt x 126.47249pt.
File: S1P16.PNG Graphic file (type png)

<use S1P16.PNG>
Package pdftex.def Info: S1P16.PNG used on input line 101.
(pdftex.def)             Requested size: 153.99884pt x 126.47249pt.
 <S1P17.PNG, id=98, 559.33969pt x 521.69907pt>
File: S1P17.PNG Graphic file (type png)
 <use S1P17.PNG>
Package pdftex.def Info: S1P17.PNG used on input line 108.
(pdftex.def)             Requested size: 135.59276pt x 126.47249pt.

<S1P18.PNG, id=99, 815.29594pt x 386.94562pt>
File: S1P18.PNG Graphic file (type png)
 <use S1P18.PNG>
Package pdftex.def Info: S1P18.PNG used on input line 108.
(pdftex.def)             Requested size: 266.47333pt x 126.47249pt.
File: S1P17.PNG Graphic file (type png)
 <use S1P17.PNG>
Package pdftex.def Info: S1P17.PNG used on input line 108.
(pdftex.def)             Requested size: 135.59276pt x 126.47249pt.
File: S1P18.PNG Graphic file (type png)

<use S1P18.PNG>
Package pdftex.def Info: S1P18.PNG used on input line 108.
(pdftex.def)             Requested size: 266.47333pt x 126.47249pt.
 [2 <./S1P12.PNG> <./S1P13.PNG> <./S1P14.PNG> <./S1P16.PNG>]
Underfull \hbox (badness 10000) in paragraph at lines 108--109

 []

<S1P21.PNG, id=109, 545.78906pt x 462.97969pt>
File: S1P21.PNG Graphic file (type png)
 <use S1P21.PNG>
Package pdftex.def Info: S1P21.PNG used on input line 113.
(pdftex.def)             Requested size: 149.08891pt x 126.47249pt.

<S1P22.PNG, id=110, 668.4975pt x 572.89032pt>
File: S1P22.PNG Graphic file (type png)
 <use S1P22.PNG>
Package pdftex.def Info: S1P22.PNG used on input line 113.
(pdftex.def)             Requested size: 147.57993pt x 126.47249pt.
File: S1P21.PNG Graphic file (type png)
 <use S1P21.PNG>
Package pdftex.def Info: S1P21.PNG used on input line 113.
(pdftex.def)             Requested size: 149.08891pt x 126.47249pt.
File: S1P22.PNG Graphic file (type png)

<use S1P22.PNG>
Package pdftex.def Info: S1P22.PNG used on input line 113.
(pdftex.def)             Requested size: 147.57993pt x 126.47249pt.

Underfull \hbox (badness 10000) in paragraph at lines 113--114

 []


Underfull \hbox (badness 10000) in paragraph at lines 115--119

 []

<S1P19.PNG, id=111, 813.0375pt x 618.81187pt>
File: S1P19.PNG Graphic file (type png)
 <use S1P19.PNG>
Package pdftex.def Info: S1P19.PNG used on input line 126.
(pdftex.def)             Requested size: 166.16512pt x 126.47249pt.

<S1P24.PNG, id=112, 649.67719pt x 554.07pt>
File: S1P24.PNG Graphic file (type png)
 <use S1P24.PNG>
Package pdftex.def Info: S1P24.PNG used on input line 126.
(pdftex.def)             Requested size: 148.2925pt x 126.47249pt.
File: S1P19.PNG Graphic file (type png)
 <use S1P19.PNG>
Package pdftex.def Info: S1P19.PNG used on input line 126.
(pdftex.def)             Requested size: 166.16512pt x 126.47249pt.
File: S1P24.PNG Graphic file (type png)

<use S1P24.PNG>
Package pdftex.def Info: S1P24.PNG used on input line 126.
(pdftex.def)             Requested size: 148.2925pt x 126.47249pt.

Underfull \hbox (badness 10000) in paragraph at lines 126--127

 []

[3 <./S1P17.PNG> <./S1P18.PNG> <./S1P21.PNG> <./S1P22.PNG> <./S1P19.PNG> <./S1P
24.PNG>]
File: S1P24.PNG Graphic file (type png)
 <use S1P24.PNG>
Package pdftex.def Info: S1P24.PNG used on input line 135.
(pdftex.def)             Requested size: 148.2925pt x 126.47249pt.
File: S1P24.PNG Graphic file (type png)
 <use S1P24.PNG>
Package pdftex.def Info: S1P24.PNG used on input line 135.
(pdftex.def)             Requested size: 148.2925pt x 126.47249pt.

Underfull \hbox (badness 10000) in paragraph at lines 135--138

 []

<S1P26.PNG, id=125, 813.79031pt x 582.67688pt>
File: S1P26.PNG Graphic file (type png)
 <use S1P26.PNG>
Package pdftex.def Info: S1P26.PNG used on input line 141.
(pdftex.def)             Requested size: 176.62544pt x 126.47249pt.
File: S1P26.PNG Graphic file (type png)
 <use S1P26.PNG>
Package pdftex.def Info: S1P26.PNG used on input line 141.
(pdftex.def)             Requested size: 176.62544pt x 126.47249pt.

Underfull \hbox (badness 10000) in paragraph at lines 141--142

 []

<S1P27.PNG, id=126, 614.295pt x 528.47438pt>
File: S1P27.PNG Graphic file (type png)
 <use S1P27.PNG>
Package pdftex.def Info: S1P27.PNG used on input line 144.
(pdftex.def)             Requested size: 147.00262pt x 126.47249pt.
File: S1P27.PNG Graphic file (type png)
 <use S1P27.PNG>
Package pdftex.def Info: S1P27.PNG used on input line 144.
(pdftex.def)             Requested size: 147.00262pt x 126.47249pt.

[4 <./S1P26.PNG>]
Underfull \hbox (badness 10000) in paragraph at lines 144--145

 []


Underfull \hbox (badness 10000) in paragraph at lines 147--150

 []

<S1P28.PNG, id=132, 747.54282pt x 313.17pt>
File: S1P28.PNG Graphic file (type png)
 <use S1P28.PNG>
Package pdftex.def Info: S1P28.PNG used on input line 154.
(pdftex.def)             Requested size: 301.88629pt x 126.47249pt.
File: S1P28.PNG Graphic file (type png)
 <use S1P28.PNG>
Package pdftex.def Info: S1P28.PNG used on input line 154.
(pdftex.def)             Requested size: 301.88629pt x 126.47249pt.

Underfull \hbox (badness 10000) in paragraph at lines 154--156

 []

<S1P29.PNG, id=133, 742.27313pt x 312.41719pt>
File: S1P29.PNG Graphic file (type png)
 <use S1P29.PNG>
Package pdftex.def Info: S1P29.PNG used on input line 158.
(pdftex.def)             Requested size: 300.48306pt x 126.47249pt.
File: S1P29.PNG Graphic file (type png)
 <use S1P29.PNG>
Package pdftex.def Info: S1P29.PNG used on input line 158.
(pdftex.def)             Requested size: 300.48306pt x 126.47249pt.

Underfull \hbox (badness 10000) in paragraph at lines 160--163

 []

[5 <./S1P27.PNG> <./S1P28.PNG> <./S1P29.PNG>]
<S1P30.PNG, id=142, 742.27313pt x 308.65312pt>
File: S1P30.PNG Graphic file (type png)
 <use S1P30.PNG>
Package pdftex.def Info: S1P30.PNG used on input line 168.
(pdftex.def)             Requested size: 304.15274pt x 126.47249pt.
File: S1P30.PNG Graphic file (type png)
 <use S1P30.PNG>
Package pdftex.def Info: S1P30.PNG used on input line 168.
(pdftex.def)             Requested size: 304.15274pt x 126.47249pt.
File: S1P30.PNG Graphic file (type png)

<use S1P30.PNG>
Package pdftex.def Info: S1P30.PNG used on input line 168.
(pdftex.def)             Requested size: 304.15274pt x 126.47249pt.
File: S1P30.PNG Graphic file (type png)
 <use S1P30.PNG>
Package pdftex.def Info: S1P30.PNG used on input line 168.
(pdftex.def)             Requested size: 304.15274pt x 126.47249pt.

Overfull \hbox (138.55046pt too wide) in paragraph at lines 168--168
[] 
 []


Underfull \hbox (badness 10000) in paragraph at lines 170--173

 []

<S1P31.PNG, id=143, 745.28438pt x 322.20375pt>
File: S1P31.PNG Graphic file (type png)
 <use S1P31.PNG>
Package pdftex.def Info: S1P31.PNG used on input line 178.
(pdftex.def)             Requested size: 292.5475pt x 126.47249pt.

<S1P32.PNG, id=144, 759.58781pt x 331.2375pt>
File: S1P32.PNG Graphic file (type png)
 <use S1P32.PNG>
Package pdftex.def Info: S1P32.PNG used on input line 178.
(pdftex.def)             Requested size: 290.02562pt x 126.47249pt.
File: S1P31.PNG Graphic file (type png)
 <use S1P31.PNG>
Package pdftex.def Info: S1P31.PNG used on input line 178.
(pdftex.def)             Requested size: 292.5475pt x 126.47249pt.
File: S1P32.PNG Graphic file (type png)

<use S1P32.PNG>
Package pdftex.def Info: S1P32.PNG used on input line 178.
(pdftex.def)             Requested size: 290.02562pt x 126.47249pt.

Overfull \hbox (112.8181pt too wide) in paragraph at lines 178--178
[] 
 []


Underfull \hbox (badness 10000) in paragraph at lines 180--183

 []


Underfull \hbox (badness 10000) in paragraph at lines 180--183

 []

<S1P33.PNG, id=145, 654.19406pt x 560.0925pt>
File: S1P33.PNG Graphic file (type png)
 <use S1P33.PNG>
Package pdftex.def Info: S1P33.PNG used on input line 200.
(pdftex.def)             Requested size: 147.71637pt x 126.47249pt.

<S1P34.PNG, id=146, 535.2497pt x 436.63126pt>
File: S1P34.PNG Graphic file (type png)
 <use S1P34.PNG>
Package pdftex.def Info: S1P34.PNG used on input line 200.
(pdftex.def)             Requested size: 155.03876pt x 126.47249pt.
File: S1P33.PNG Graphic file (type png)
 <use S1P33.PNG>
Package pdftex.def Info: S1P33.PNG used on input line 200.
(pdftex.def)             Requested size: 147.71637pt x 126.47249pt.
File: S1P34.PNG Graphic file (type png)

<use S1P34.PNG>
Package pdftex.def Info: S1P34.PNG used on input line 200.
(pdftex.def)             Requested size: 155.03876pt x 126.47249pt.
 [6 <./S1P30.PNG> <./S1P31.PNG> <./S1P32.PNG>]
Underfull \hbox (badness 10000) in paragraph at lines 203--216

 []

<S1P35.PNG, id=154, 518.6878pt x 441.90094pt>
File: S1P35.PNG Graphic file (type png)
 <use S1P35.PNG>
Package pdftex.def Info: S1P35.PNG used on input line 222.
(pdftex.def)             Requested size: 148.44489pt x 126.47249pt.

<S1P36.PNG, id=155, 755.82375pt x 313.9228pt>
File: S1P36.PNG Graphic file (type png)
 <use S1P36.PNG>
Package pdftex.def Info: S1P36.PNG used on input line 222.
(pdftex.def)             Requested size: 304.50386pt x 126.47249pt.
File: S1P35.PNG Graphic file (type png)
 <use S1P35.PNG>
Package pdftex.def Info: S1P35.PNG used on input line 222.
(pdftex.def)             Requested size: 148.44489pt x 126.47249pt.
File: S1P36.PNG Graphic file (type png)

<use S1P36.PNG>
Package pdftex.def Info: S1P36.PNG used on input line 222.
(pdftex.def)             Requested size: 304.50386pt x 126.47249pt.

Underfull \hbox (badness 10000) in paragraph at lines 224--228

 []


Underfull \hbox (badness 10000) in paragraph at lines 224--228

 []

File: S1P36.PNG Graphic file (type png)
<use S1P36.PNG>
Package pdftex.def Info: S1P36.PNG used on input line 232.
(pdftex.def)             Requested size: 304.50386pt x 126.47249pt.
File: S1P36.PNG Graphic file (type png)
 <use S1P36.PNG>
Package pdftex.def Info: S1P36.PNG used on input line 232.
(pdftex.def)             Requested size: 304.50386pt x 126.47249pt.
 [7 <./S1P33.PNG> <./S1P34.PNG> <./S1P35.PNG> <./S1P36.PNG>] <S1P37.PNG, id=164
, 766.36313pt x 312.41719pt>
File: S1P37.PNG Graphic file (type png)
 <use S1P37.PNG>
Package pdftex.def Info: S1P37.PNG used on input line 235.
(pdftex.def)             Requested size: 310.23505pt x 126.47249pt.
File: S1P37.PNG Graphic file (type png)

<use S1P37.PNG>
Package pdftex.def Info: S1P37.PNG used on input line 235.
(pdftex.def)             Requested size: 310.23505pt x 126.47249pt.

Underfull \hbox (badness 10000) in paragraph at lines 235--236

 []

<S1P38.PNG, id=165, 758.08218pt x 310.91156pt>
File: S1P38.PNG Graphic file (type png)
 <use S1P38.PNG>
Package pdftex.def Info: S1P38.PNG used on input line 238.
(pdftex.def)             Requested size: 308.37498pt x 126.47249pt.
File: S1P38.PNG Graphic file (type png)
 <use S1P38.PNG>
Package pdftex.def Info: S1P38.PNG used on input line 238.
(pdftex.def)             Requested size: 308.37498pt x 126.47249pt.

Underfull \hbox (badness 10000) in paragraph at lines 241--245

 []

[8 <./S1P37.PNG> <./S1P38.PNG>]
Underfull \hbox (badness 10000) in paragraph at lines 251--254

 []

<S1P40.PNG, id=175, 752.0597pt x 309.40594pt>
File: S1P40.PNG Graphic file (type png)
 <use S1P40.PNG>
Package pdftex.def Info: S1P40.PNG used on input line 257.
(pdftex.def)             Requested size: 307.41696pt x 126.47249pt.
File: S1P40.PNG Graphic file (type png)
 <use S1P40.PNG>
Package pdftex.def Info: S1P40.PNG used on input line 257.
(pdftex.def)             Requested size: 307.41696pt x 126.47249pt.

Underfull \hbox (badness 10000) in paragraph at lines 257--258

 []

<S1P41.PNG, id=176, 748.29562pt x 313.17pt>
File: S1P41.PNG Graphic file (type png)
 <use S1P41.PNG>
Package pdftex.def Info: S1P41.PNG used on input line 261.
(pdftex.def)             Requested size: 302.19029pt x 126.47249pt.
File: S1P41.PNG Graphic file (type png)
 <use S1P41.PNG>
Package pdftex.def Info: S1P41.PNG used on input line 261.
(pdftex.def)             Requested size: 302.19029pt x 126.47249pt.

Underfull \hbox (badness 10000) in paragraph at lines 261--262

 []

<S1P42.PNG, id=177, 753.5653pt x 315.42844pt>
File: S1P42.PNG Graphic file (type png)
 <use S1P42.PNG>
Package pdftex.def Info: S1P42.PNG used on input line 264.
(pdftex.def)             Requested size: 302.14519pt x 126.47249pt.
File: S1P42.PNG Graphic file (type png)
 <use S1P42.PNG>
Package pdftex.def Info: S1P42.PNG used on input line 264.
(pdftex.def)             Requested size: 302.14519pt x 126.47249pt.

Underfull \hbox (badness 10000) in paragraph at lines 264--265

 []

[9 <./S1P40.PNG> <./S1P41.PNG> <./S1P42.PNG>]
Underfull \hbox (badness 10000) in paragraph at lines 277--279

 []


Underfull \hbox (badness 10000) in paragraph at lines 277--279

 []


Underfull \hbox (badness 10000) in paragraph at lines 301--303

 []


Underfull \hbox (badness 10000) in paragraph at lines 301--303

 []

<S1P43.PNG, id=185, 539.76656pt x 421.575pt>
File: S1P43.PNG Graphic file (type png)
 <use S1P43.PNG>
Package pdftex.def Info: S1P43.PNG used on input line 308.
(pdftex.def)             Requested size: 161.93121pt x 126.47249pt.

<S1P44.PNG, id=186, 539.01375pt x 431.36156pt>
File: S1P44.PNG Graphic file (type png)
 <use S1P44.PNG>
Package pdftex.def Info: S1P44.PNG used on input line 308.
(pdftex.def)             Requested size: 158.02893pt x 126.47249pt.
File: S1P43.PNG Graphic file (type png)
 <use S1P43.PNG>
Package pdftex.def Info: S1P43.PNG used on input line 308.
(pdftex.def)             Requested size: 161.93121pt x 126.47249pt.
File: S1P44.PNG Graphic file (type png)

<use S1P44.PNG>
Package pdftex.def Info: S1P44.PNG used on input line 308.
(pdftex.def)             Requested size: 158.02893pt x 126.47249pt.

Underfull \hbox (badness 10000) in paragraph at lines 311--313

 []


Underfull \hbox (badness 10000) in paragraph at lines 311--313

 []


Underfull \hbox (badness 10000) in paragraph at lines 314--315

 []

[10 <./S1P43.PNG> <./S1P44.PNG>]
Missing character: There is no â in font cmr10!
Missing character: There is no € in font cmr10!
Missing character: There is no ¢ in font cmr10!

Underfull \hbox (badness 10000) in paragraph at lines 325--326

 []


Underfull \hbox (badness 10000) in paragraph at lines 337--338

 []


Underfull \hbox (badness 10000) in paragraph at lines 340--343

 []

[11]
Underfull \hbox (badness 10000) in paragraph at lines 349--351

 []

Package atveryend Info: Empty hook `BeforeClearDocument' on input line 368.
[12]
Package atveryend Info: Empty hook `AfterLastShipout' on input line 368.
 (./S1.aux)
Package atveryend Info: Executing hook `AtVeryEndDocument' on input line 368.
Package atveryend Info: Executing hook `AtEndAfterFileList' on input line 368.
Package rerunfilecheck Info: File `S1.out' has not changed.
(rerunfilecheck)             Checksum: 97C7F75428644DFC7D12D33225EC2B8C;814.
Package atveryend Info: Empty hook `AtVeryVeryEnd' on input line 368.
 ) 
Here is how much of TeX's memory you used:
 6919 strings out of 494985
 97948 string characters out of 6180356
 280182 words of memory out of 5000000
 10001 multiletter control sequences out of 15000+600000
 8968 words of font info for 34 fonts, out of 8000000 for 9000
 36 hyphenation exceptions out of 8191
 29i,13n,43p,589b,342s stack positions out of 5000i,500n,10000p,200000b,80000s
</usr/share/texlive/texmf-dist/fonts/type1/public/amsfonts/cm/cmbx10.pfb></us
r/share/texlive/texmf-dist/fonts/type1/public/amsfonts/cm/cmbx12.pfb></usr/shar
e/texlive/texmf-dist/fonts/type1/public/amsfonts/cm/cmcsc10.pfb></usr/share/tex
live/texmf-dist/fonts/type1/public/amsfonts/cm/cmex10.pfb></usr/share/texlive/t
exmf-dist/fonts/type1/public/amsfonts/cm/cmmi10.pfb></usr/share/texlive/texmf-d
ist/fonts/type1/public/amsfonts/cm/cmr10.pfb></usr/share/texlive/texmf-dist/fon
ts/type1/public/amsfonts/cm/cmr7.pfb></usr/share/texlive/texmf-dist/fonts/type1
/public/amsfonts/cm/cmsy10.pfb></usr/share/texlive/texmf-dist/fonts/type1/publi
c/amsfonts/cm/cmsy7.pfb></usr/share/texlive/texmf-dist/fonts/type1/public/amsfo
nts/symbols/msam10.pfb>
Output written on S1.pdf (14 pages, 566381 bytes).
PDF statistics:
 248 PDF objects out of 1000 (max. 8388607)
 162 compressed objects within 2 object streams
 33 named destinations out of 1000 (max. 500000)
 250 words of extra memory for PDF output out of 10000 (max. 10000000)

