Command line:
   reg8_isim_beh.exe
     -simmode  gui
     -simrunnum  0
     -socket  51005

Thu Mar 03 23:44:34 2016


 Elaboration Time: 0.046801 sec

 Current Memory Usage: 667.652 Meg

 Total Signals          : 5
 Total Nets             : 35
 Total Signal Drivers   : 1
 Total Blocks           : 4
 Total Primitive Blocks : 4
 Total Processes        : 1
 Total Traceable Variables  : 10
 Total Scalar Nets and Variables : 413
Total Line Count : 3

 Total Simulation Time: 0.218402 sec

 Current Memory Usage: 982.225 Meg

Thu Mar 03 23:45:19 2016

