Command line:
   reg8_isim_beh.exe
     -simmode  gui
     -simrunnum  0
     -socket  49273

Mon Feb 15 12:23:45 2016


 Elaboration Time: 0.046801 sec

 Current Memory Usage: 663.462 Meg

 Total Signals          : 4
 Total Nets             : 34
 Total Signal Drivers   : 1
 Total Blocks           : 4
 Total Primitive Blocks : 4
 Total Processes        : 1
 Total Traceable Variables  : 10
 Total Scalar Nets and Variables : 412
Total Line Count : 3

 Total Simulation Time: 0.093601 sec

 Current Memory Usage: 820.748 Meg

Mon Feb 15 12:25:32 2016

