\BOOKMARK [1][-]{section*.2}{List of Tables}{}% 1
\BOOKMARK [1][-]{section.1}{Executive Summary}{}% 2
\BOOKMARK [1][-]{section.2}{In- Depth Summary}{}% 3
\BOOKMARK [1][-]{section.3}{Target Customers}{}% 4
\BOOKMARK [1][-]{section.4}{Unique Selling Proposition}{}% 5
\BOOKMARK [1][-]{section.5}{Pricing \040Positioning Strategy}{}% 6
\BOOKMARK [1][-]{section.6}{Distribution Plan}{}% 7
\BOOKMARK [1][-]{section.7}{Online Marketing Strategy}{}% 8
\BOOKMARK [1][-]{section.8}{Distribution Plan}{}% 9
\BOOKMARK [1][-]{section.9}{Online Marketing Strategy}{}% 10
\BOOKMARK [1][-]{section.10}{Conversion Strategy}{}% 11
\BOOKMARK [1][-]{section.11}{Benefits}{}% 12
\BOOKMARK [1][-]{section.12}{Financial Projections}{}% 13
\BOOKMARK [2][-]{subsection.12.1}{Overheads}{section.12}% 14
\BOOKMARK [2][-]{subsection.12.2}{Salesprofit}{section.12}% 15
\BOOKMARK [2][-]{subsection.12.3}{Profit Loss}{section.12}% 16
\BOOKMARK [2][-]{subsection.12.4}{Receipts}{section.12}% 17
\BOOKMARK [1][-]{section.13}{Risks}{}% 18
\BOOKMARK [1][-]{section.14}{Competition}{}% 19
\BOOKMARK [1][-]{section.15}{Overview}{}% 20
