\BOOKMARK [1][-]{section*.2}{List of Tables}{}% 1
\BOOKMARK [1][-]{section.1}{CODE}{}% 2
\BOOKMARK [2][-]{subsection.1.1}{Microcoded Instruction Set Processor}{section.1}% 3
\BOOKMARK [2][-]{subsection.1.2}{Memory M}{section.1}% 4
\BOOKMARK [2][-]{subsection.1.3}{Micro-Programmed Control}{section.1}% 5
\BOOKMARK [3][-]{subsubsection.1.3.1}{CAR}{subsection.1.3}% 6
\BOOKMARK [3][-]{subsubsection.1.3.2}{MUX8 TO 1BIT}{subsection.1.3}% 7
\BOOKMARK [3][-]{subsubsection.1.3.3}{MUX2 TO 8BIT}{subsection.1.3}% 8
\BOOKMARK [3][-]{subsubsection.1.3.4}{extend}{subsection.1.3}% 9
\BOOKMARK [3][-]{subsubsection.1.3.5}{IR}{subsection.1.3}% 10
\BOOKMARK [3][-]{subsubsection.1.3.6}{PC}{subsection.1.3}% 11
\BOOKMARK [3][-]{subsubsection.1.3.7}{Control Memory}{subsection.1.3}% 12
\BOOKMARK [3][-]{subsubsection.1.3.8}{zero fill}{subsection.1.3}% 13
\BOOKMARK [2][-]{subsection.1.4}{bit}{section.1}% 14
\BOOKMARK [2][-]{subsection.1.5}{DATA PATH}{section.1}% 15
\BOOKMARK [2][-]{subsection.1.6}{REGISTER FILE}{section.1}% 16
\BOOKMARK [3][-]{subsubsection.1.6.1}{REG8}{subsection.1.6}% 17
\BOOKMARK [3][-]{subsubsection.1.6.2}{DECODER}{subsection.1.6}% 18
\BOOKMARK [3][-]{subsubsection.1.6.3}{MUX3 TO 16BIT}{subsection.1.6}% 19
\BOOKMARK [3][-]{subsubsection.1.6.4}{MUX8 TO 16BIT}{subsection.1.6}% 20
\BOOKMARK [2][-]{subsection.1.7}{FUNCTION UNIT}{section.1}% 21
\BOOKMARK [2][-]{subsection.1.8}{SHIFTER}{section.1}% 22
\BOOKMARK [3][-]{subsubsection.1.8.1}{MUX3 TO 1BIT}{subsection.1.8}% 23
\BOOKMARK [2][-]{subsection.1.9}{ALU}{section.1}% 24
\BOOKMARK [3][-]{subsubsection.1.9.1}{B LOGIC}{subsection.1.9}% 25
\BOOKMARK [3][-]{subsubsection.1.9.2}{MUX2 TO 1BIT}{subsection.1.9}% 26
\BOOKMARK [3][-]{subsubsection.1.9.3}{RIPPLE}{subsection.1.9}% 27
\BOOKMARK [3][-]{subsubsection.1.9.4}{FULL ADDER}{subsection.1.9}% 28
\BOOKMARK [1][-]{section.2}{TESTBENCHES}{}% 29
\BOOKMARK [2][-]{subsection.2.1}{Microcoded Instruction Set Processor}{section.2}% 30
\BOOKMARK [2][-]{subsection.2.2}{Memory M}{section.2}% 31
\BOOKMARK [2][-]{subsection.2.3}{Micro Programmed Control}{section.2}% 32
\BOOKMARK [3][-]{subsubsection.2.3.1}{CAR}{subsection.2.3}% 33
\BOOKMARK [3][-]{subsubsection.2.3.2}{MUX8 TO 1BIT}{subsection.2.3}% 34
\BOOKMARK [3][-]{subsubsection.2.3.3}{MUX2 TO 8BIT}{subsection.2.3}% 35
\BOOKMARK [3][-]{subsubsection.2.3.4}{extend}{subsection.2.3}% 36
\BOOKMARK [3][-]{subsubsection.2.3.5}{IR}{subsection.2.3}% 37
\BOOKMARK [3][-]{subsubsection.2.3.6}{PC}{subsection.2.3}% 38
\BOOKMARK [3][-]{subsubsection.2.3.7}{Control Memory}{subsection.2.3}% 39
\BOOKMARK [3][-]{subsubsection.2.3.8}{zero fill}{subsection.2.3}% 40
\BOOKMARK [2][-]{subsection.2.4}{DATA PATH}{section.2}% 41
\BOOKMARK [2][-]{subsection.2.5}{REGISTER FILE}{section.2}% 42
\BOOKMARK [3][-]{subsubsection.2.5.1}{REG8}{subsection.2.5}% 43
\BOOKMARK [3][-]{subsubsection.2.5.2}{DECODER}{subsection.2.5}% 44
\BOOKMARK [3][-]{subsubsection.2.5.3}{MUX3 TO 16BIT}{subsection.2.5}% 45
\BOOKMARK [3][-]{subsubsection.2.5.4}{MUX8 TO 16BIT}{subsection.2.5}% 46
\BOOKMARK [2][-]{subsection.2.6}{FUNCTION UNIT}{section.2}% 47
\BOOKMARK [2][-]{subsection.2.7}{SHIFTER}{section.2}% 48
\BOOKMARK [3][-]{subsubsection.2.7.1}{MUX3 TO 1BIT}{subsection.2.7}% 49
\BOOKMARK [2][-]{subsection.2.8}{ALU}{section.2}% 50
\BOOKMARK [3][-]{subsubsection.2.8.1}{LOGIC}{subsection.2.8}% 51
\BOOKMARK [3][-]{subsubsection.2.8.2}{B LOGIC}{subsection.2.8}% 52
\BOOKMARK [3][-]{subsubsection.2.8.3}{MUX2 TO 1BIT}{subsection.2.8}% 53
\BOOKMARK [3][-]{subsubsection.2.8.4}{RIPPLE}{subsection.2.8}% 54
\BOOKMARK [3][-]{subsubsection.2.8.5}{FULL ADDER}{subsection.2.8}% 55
